about:blank:1 An iframe which has both allow-scripts and allow-same-origin for its sandbox attribute can escape its sandboxing.
(index):358 [INFO] Gateway browser ready
(index):358 [INFO] Click Connect to start
favicon.ico:1  GET http://localhost:3000/favicon.ico 404 (Not Found)
(index):358 [INFO] Connecting to http://localhost:3000...
(index):358 [SUCCESS] Connected! Session expires: 2026-01-03T07:19:36.763Z
(index):358 [INFO] Browsing: https://hi.com
(index):358 [SUCCESS] Token obtained: l7K_zriaDHFfvFuL...
(index):358 [SUCCESS] Loaded https://hi.com through gateway
l7K_zriaDHFfvFuLZKnmIrLPEJ9eMeHtewpa7TmZvjY:43 [Gateway Bootstrap] Native fetch captured: function
l7K_zriaDHFfvFuLZKnmIrLPEJ9eMeHtewpa7TmZvjY:56 [Gateway Bootstrap] URL spoofed via replaceState to: /
l7K_zriaDHFfvFuLZKnmIrLPEJ9eMeHtewpa7TmZvjY:96 [Gateway Bootstrap] Location info spoofed to: https://hi.com
l7K_zriaDHFfvFuLZKnmIrLPEJ9eMeHtewpa7TmZvjY:230 [Gateway Bootstrap] Initializing with: {gatewayBase: 'http://localhost:3000', sessionToken: '...vPOnKvQc', pageToken: '...a7TmZvjY', originalBaseUrl: 'https://hi.com'}
l7K_zriaDHFfvFuLZKnmIrLPEJ9eMeHtewpa7TmZvjY:693 [Gateway] Bootstrap loaded
I6SokVoR1Ml4jPr2T3HqOIK3uGk7TPJHFsIMBgzQURM:3 Uncaught TypeError: Cannot read properties of undefined (reading 'timeEnd')
    at I6SokVoR1Ml4jPr2T3HqOIK3uGk7TPJHFsIMBgzQURM:3:4394
    at Array.forEach (<anonymous>)
    at c (I6SokVoR1Ml4jPr2T3HqOIK3uGk7TPJHFsIMBgzQURM:3:4081)
    at I6SokVoR1Ml4jPr2T3HqOIK3uGk7TPJHFsIMBgzQURM:3:3126
    at Array.forEach (<anonymous>)
    at PerformanceObserver.<anonymous> (I6SokVoR1Ml4jPr2T3HqOIK3uGk7TPJHFsIMBgzQURM:3:2114)
(anonymous) @ I6SokVoR1Ml4jPr2T3HqOIK3uGk7TPJHFsIMBgzQURM:3
c @ I6SokVoR1Ml4jPr2T3HqOIK3uGk7TPJHFsIMBgzQURM:3
(anonymous) @ I6SokVoR1Ml4jPr2T3HqOIK3uGk7TPJHFsIMBgzQURM:3
(anonymous) @ I6SokVoR1Ml4jPr2T3HqOIK3uGk7TPJHFsIMBgzQURM:3
VM2893 hotjar-2903193.js:3 For security reasons, Hotjar only works over HTTPS. Learn more: https://help.hotjar.com/hc/en-us/articles/115011624047
C.window.hjBootstrap @ VM2893 hotjar-2903193.js:3
C @ VM2893 hotjar-2903193.js:3
(anonymous) @ VM2893 hotjar-2903193.js:3
(anonymous) @ VM2893 hotjar-2903193.js:3
l7K_zriaDHFfvFuLZKnmIrLPEJ9eMeHtewpa7TmZvjY:464 [Gateway FETCH] [#1] {url: 'https://www.facebook.com/privacy_sandbox/topics/registration/?id=561419689493638', needsTokenization: true, method: 'GET'}
l7K_zriaDHFfvFuLZKnmIrLPEJ9eMeHtewpa7TmZvjY:476 [Gateway FETCH] [#1] Resolved URL: https://www.facebook.com/privacy_sandbox/topics/registration/?id=561419689493638
l7K_zriaDHFfvFuLZKnmIrLPEJ9eMeHtewpa7TmZvjY:286 [Gateway DEBUG] [#1] Tokenize START: {url: 'https://www.facebook.com/privacy_sandbox/topics/registration/?id=561419689493638', gatewayBase: 'http://localhost:3000', hasSessionToken: true, hasPageToken: true, pageToken: '...tewpa7TmZvjY'}
l7K_zriaDHFfvFuLZKnmIrLPEJ9eMeHtewpa7TmZvjY:307 [Gateway DEBUG] [#1] Fetching: http://localhost:3000/tokenize
l7K_zriaDHFfvFuLZKnmIrLPEJ9eMeHtewpa7TmZvjY:308 [Gateway DEBUG] [#1] Headers: {"Content-Type":"application/json","Authorization":"Bearer Xd7HNcPJ33fPTVsUQnM5AcPPE1PMLBWZZ0bvPOnKvQc","X-Parent-Token":"l7K_zriaDHFfvFuLZKnmIrLPEJ9eMeHtewpa7TmZvjY"}
l7K_zriaDHFfvFuLZKnmIrLPEJ9eMeHtewpa7TmZvjY:464 [Gateway FETCH] [#2] {url: 'https://www.google.com/ccm/collect?frm=1&en=page_view&dl=http%3A%2F%2Flocalhost%3A3000%2F&scrsrc=www', needsTokenization: true, method: 'POST'}
l7K_zriaDHFfvFuLZKnmIrLPEJ9eMeHtewpa7TmZvjY:476 [Gateway FETCH] [#2] Resolved URL: https://www.google.com/ccm/collect?frm=1&en=page_view&dl=http%3A%2F%2Flocalhost%3A3000%2F&scrsrc=www
l7K_zriaDHFfvFuLZKnmIrLPEJ9eMeHtewpa7TmZvjY:286 [Gateway DEBUG] [#2] Tokenize START: {url: 'https://www.google.com/ccm/collect?frm=1&en=page_view&dl=http%3A%2F%2Flocalhost%3A3000%2F&scrsrc=www', gatewayBase: 'http://localhost:3000', hasSessionToken: true, hasPageToken: true, pageToken: '...tewpa7TmZvjY'}
l7K_zriaDHFfvFuLZKnmIrLPEJ9eMeHtewpa7TmZvjY:307 [Gateway DEBUG] [#2] Fetching: http://localhost:3000/tokenize
l7K_zriaDHFfvFuLZKnmIrLPEJ9eMeHtewpa7TmZvjY:308 [Gateway DEBUG] [#2] Headers: {"Content-Type":"application/json","Authorization":"Bearer Xd7HNcPJ33fPTVsUQnM5AcPPE1PMLBWZZ0bvPOnKvQc","X-Parent-Token":"l7K_zriaDHFfvFuLZKnmIrLPEJ9eMeHtewpa7TmZvjY"}
fbevents.js:172 [Meta Pixel] - Duplicate Pixel ID: 561419689493638.
v @ fbevents.js:172
L @ fbevents.js:172
A @ fbevents.js:172
Fe @ fbevents.js:393
we @ fbevents.js:393
Me @ fbevents.js:393
b.fbq.b.fbq @ (index):728
(anonymous) @ VM2898:1
(anonymous) @ VM2897 gtm.js:754
(anonymous) @ VM2897 gtm.js:755
FP @ VM2897 gtm.js:756
EP @ VM2897 gtm.js:753
(anonymous) @ VM2897 gtm.js:226
k.apply @ VM2897 gtm.js:155
$a @ VM2897 gtm.js:118
Za @ VM2897 gtm.js:117
(anonymous) @ VM2897 gtm.js:179
k.apply @ VM2897 gtm.js:155
$a @ VM2897 gtm.js:118
k.Ip @ VM2897 gtm.js:120
gf @ VM2897 gtm.js:190
(anonymous) @ VM2897 gtm.js:657
hg @ VM2897 gtm.js:205
e @ VM2897 gtm.js:603
(anonymous) @ VM2897 gtm.js:124
(anonymous) @ VM2897 gtm.js:604
(anonymous) @ VM2897 gtm.js:604
bA @ VM2897 gtm.js:604
fA @ VM2897 gtm.js:609
oB @ VM2897 gtm.js:632
qB @ VM2897 gtm.js:634
setTimeout
Uc @ VM2897 gtm.js:140
rB @ VM2897 gtm.js:637
Lm @ VM2897 gtm.js:840
(anonymous) @ VM2897 gtm.js:844
c @ VM2897 gtm.js:842
(anonymous) @ VM2897 gtm.js:844
(anonymous) @ VM2897 gtm.js:844
(anonymous) @ VM2897 gtm.js:846
VM2893 hotjar-2903193.js:3 For security reasons, Hotjar only works over HTTPS. Learn more: https://help.hotjar.com/hc/en-us/articles/115011624047
C.window.hjBootstrap @ VM2893 hotjar-2903193.js:3
C @ hotjar-3820298.js?sv=7:3
(anonymous) @ hotjar-3820298.js?sv=7:3
(anonymous) @ hotjar-3820298.js?sv=7:3
l7K_zriaDHFfvFuLZKnmIrLPEJ9eMeHtewpa7TmZvjY:320 [Gateway DEBUG] [#1] Response: {status: 200, statusText: 'OK', ok: true, duration: '203ms', headers: {…}}
l7K_zriaDHFfvFuLZKnmIrLPEJ9eMeHtewpa7TmZvjY:343 [Gateway DEBUG] [#1] Tokenize SUCCESS: {token: '...SYbfHEygD6WU', cached: false, url: 'https://www.facebook.com/privacy_sandbox/topics/registration'}
l7K_zriaDHFfvFuLZKnmIrLPEJ9eMeHtewpa7TmZvjY:482 [Gateway FETCH] [#1] Tokenized to: http://localhost:3000/go/b6llI3_3hCQebDcVXiYURN3vBRgE87GSYbfHEygD6WU
l7K_zriaDHFfvFuLZKnmIrLPEJ9eMeHtewpa7TmZvjY:320 [Gateway DEBUG] [#2] Response: {status: 200, statusText: 'OK', ok: true, duration: '156ms', headers: {…}}
l7K_zriaDHFfvFuLZKnmIrLPEJ9eMeHtewpa7TmZvjY:343 [Gateway DEBUG] [#2] Tokenize SUCCESS: {token: '...P05b4JhbcesI', cached: false, url: 'https://www.google.com/ccm/collect?frm=1&en=page_view&dl=htt'}
l7K_zriaDHFfvFuLZKnmIrLPEJ9eMeHtewpa7TmZvjY:482 [Gateway FETCH] [#2] Tokenized to: http://localhost:3000/go/BPLRv4UsM2vH77jYbum-ON3pZC-col_P05b4JhbcesI
(index):1 Refused to execute script from 'http://localhost:3000/go/oiul8nKY5X14lTwxidUxYvg9-8ofwnl35uIFzXMlI68' because its MIME type ('text/html') is not executable, and strict MIME type checking is enabled.
Oj1xdEadJLXEu3h6r9MoMPLA7CxY4AJx7yJpW42uFUk:43 [Gateway Bootstrap] Native fetch captured: function
Oj1xdEadJLXEu3h6r9MoMPLA7CxY4AJx7yJpW42uFUk:56 [Gateway Bootstrap] URL spoofed via replaceState to: blank
Oj1xdEadJLXEu3h6r9MoMPLA7CxY4AJx7yJpW42uFUk:96 [Gateway Bootstrap] Location info spoofed to: null
Oj1xdEadJLXEu3h6r9MoMPLA7CxY4AJx7yJpW42uFUk:230 [Gateway Bootstrap] Initializing with: {gatewayBase: 'http://localhost:3000', sessionToken: '...vPOnKvQc', pageToken: '...pW42uFUk', originalBaseUrl: 'about:blank'}
Oj1xdEadJLXEu3h6r9MoMPLA7CxY4AJx7yJpW42uFUk:693 [Gateway] Bootstrap loaded
VM2893 hotjar-2903193.js:3 For security reasons, Hotjar only works over HTTPS. Learn more: https://help.hotjar.com/hc/en-us/articles/115011624047
C.window.hjBootstrap @ VM2893 hotjar-2903193.js:3
C @ SPIMP6fSpmWkhHcTduKyVYyWwFLx1oo2PdzLcvNyy5E:3
(anonymous) @ SPIMP6fSpmWkhHcTduKyVYyWwFLx1oo2PdzLcvNyy5E:3
(anonymous) @ SPIMP6fSpmWkhHcTduKyVYyWwFLx1oo2PdzLcvNyy5E:3
MEOpKYPcez8ZOPGYC_HALEj_PCtAf_38D2U5flMGRKw:1 Uncaught SyntaxError: Invalid or unexpected token (at MEOpKYPcez8ZOPGYC_HALEj_PCtAf_38D2U5flMGRKw:1:2)
VM2921 slw-ftVlxdcE7G4uPlRnqP4NItvx-cp5QiXCxJbDlm4:42 [Gateway Bootstrap] Native fetch captured: function
VM2921 slw-ftVlxdcE7G4uPlRnqP4NItvx-cp5QiXCxJbDlm4:55 [Gateway Bootstrap] URL spoofed via replaceState to: /embed/q-kf5UPAxyM
VM2921 slw-ftVlxdcE7G4uPlRnqP4NItvx-cp5QiXCxJbDlm4:95 [Gateway Bootstrap] Location info spoofed to: https://www.youtube.com
VM2921 slw-ftVlxdcE7G4uPlRnqP4NItvx-cp5QiXCxJbDlm4:229 [Gateway Bootstrap] Initializing with: {gatewayBase: 'http://localhost:3000', sessionToken: '...vPOnKvQc', pageToken: '...CxJbDlm4', originalBaseUrl: 'https://www.youtube.com/embed/q-kf5UPAxyM?autoplay…forigin=https%3A%2F%2Fhi.com%2F&aoriginsup=1&vf=1'}
VM2921 slw-ftVlxdcE7G4uPlRnqP4NItvx-cp5QiXCxJbDlm4:692 [Gateway] Bootstrap loaded
(index):1 Refused to execute script from 'http://localhost:3000/go/fW2K6dh9BThssSyCWpYWk6twb7OsnEcf0Me18tqOc1E' because its MIME type ('text/html') is not executable, and strict MIME type checking is enabled.
VM2928 0vAJ6L5VgoiB4XP4MvsJpomdJ_eG09XKmxoEFmVJ4To:107 Uncaught ReferenceError: _yt_player is not defined
    at VM2928 0vAJ6L5VgoiB4XP4MvsJpomdJ_eG09XKmxoEFmVJ4To:107:104
(anonymous) @ VM2928 0vAJ6L5VgoiB4XP4MvsJpomdJ_eG09XKmxoEFmVJ4To:107
l7K_zriaDHFfvFuLZKnmIrLPEJ9eMeHtewpa7TmZvjY:286 [Gateway DEBUG] [#3] Tokenize START: {url: 'https://api3.binance.com/api/v3/ticker/24hr', gatewayBase: 'http://localhost:3000', hasSessionToken: true, hasPageToken: true, pageToken: '...tewpa7TmZvjY'}
l7K_zriaDHFfvFuLZKnmIrLPEJ9eMeHtewpa7TmZvjY:307 [Gateway DEBUG] [#3] Fetching: http://localhost:3000/tokenize
l7K_zriaDHFfvFuLZKnmIrLPEJ9eMeHtewpa7TmZvjY:308 [Gateway DEBUG] [#3] Headers: {"Content-Type":"application/json","Authorization":"Bearer Xd7HNcPJ33fPTVsUQnM5AcPPE1PMLBWZZ0bvPOnKvQc","X-Parent-Token":"l7K_zriaDHFfvFuLZKnmIrLPEJ9eMeHtewpa7TmZvjY"}
l7K_zriaDHFfvFuLZKnmIrLPEJ9eMeHtewpa7TmZvjY:286 [Gateway DEBUG] [#4] Tokenize START: {url: 'https://web.hi.com/api/app/getAdminHomeInfo', gatewayBase: 'http://localhost:3000', hasSessionToken: true, hasPageToken: true, pageToken: '...tewpa7TmZvjY'}
l7K_zriaDHFfvFuLZKnmIrLPEJ9eMeHtewpa7TmZvjY:307 [Gateway DEBUG] [#4] Fetching: http://localhost:3000/tokenize
l7K_zriaDHFfvFuLZKnmIrLPEJ9eMeHtewpa7TmZvjY:308 [Gateway DEBUG] [#4] Headers: {"Content-Type":"application/json","Authorization":"Bearer Xd7HNcPJ33fPTVsUQnM5AcPPE1PMLBWZZ0bvPOnKvQc","X-Parent-Token":"l7K_zriaDHFfvFuLZKnmIrLPEJ9eMeHtewpa7TmZvjY"}
VM2893 hotjar-2903193.js:3 For security reasons, Hotjar only works over HTTPS. Learn more: https://help.hotjar.com/hc/en-us/articles/115011624047
C.window.hjBootstrap @ VM2893 hotjar-2903193.js:3
C @ hotjar-2903193.js?sv=6:3
(anonymous) @ hotjar-2903193.js?sv=6:3
(anonymous) @ hotjar-2903193.js?sv=6:3
VM2893 hotjar-2903193.js:3 For security reasons, Hotjar only works over HTTPS. Learn more: https://help.hotjar.com/hc/en-us/articles/115011624047
C.window.hjBootstrap @ VM2893 hotjar-2903193.js:3
C @ 4DRCxrtsHePyDEJhwTN_9UGaI6HIAW1qbX2JOCXI1u8:3
(anonymous) @ 4DRCxrtsHePyDEJhwTN_9UGaI6HIAW1qbX2JOCXI1u8:3
(anonymous) @ 4DRCxrtsHePyDEJhwTN_9UGaI6HIAW1qbX2JOCXI1u8:3
l7K_zriaDHFfvFuLZKnmIrLPEJ9eMeHtewpa7TmZvjY:320 [Gateway DEBUG] [#3] Response: {status: 200, statusText: 'OK', ok: true, duration: '32ms', headers: {…}}
l7K_zriaDHFfvFuLZKnmIrLPEJ9eMeHtewpa7TmZvjY:320 [Gateway DEBUG] [#4] Response: {status: 200, statusText: 'OK', ok: true, duration: '32ms', headers: {…}}
l7K_zriaDHFfvFuLZKnmIrLPEJ9eMeHtewpa7TmZvjY:343 [Gateway DEBUG] [#3] Tokenize SUCCESS: {token: '...S3I0dHTuWxhE', cached: false, url: 'https://api3.binance.com/api/v3/ticker/24hr'}
l7K_zriaDHFfvFuLZKnmIrLPEJ9eMeHtewpa7TmZvjY:343 [Gateway DEBUG] [#4] Tokenize SUCCESS: {token: '...SnZlH24lcJHA', cached: false, url: 'https://web.hi.com/api/app/getAdminHomeInfo'}
l7K_zriaDHFfvFuLZKnmIrLPEJ9eMeHtewpa7TmZvjY:286 [Gateway DEBUG] [#5] Tokenize START: {url: 'https://vc.hotjar.io/sessions/2903193?s=0.25&r=0.027495137310080908', gatewayBase: 'http://localhost:3000', hasSessionToken: true, hasPageToken: true, pageToken: '...tewpa7TmZvjY'}
l7K_zriaDHFfvFuLZKnmIrLPEJ9eMeHtewpa7TmZvjY:307 [Gateway DEBUG] [#5] Fetching: http://localhost:3000/tokenize
l7K_zriaDHFfvFuLZKnmIrLPEJ9eMeHtewpa7TmZvjY:308 [Gateway DEBUG] [#5] Headers: {"Content-Type":"application/json","Authorization":"Bearer Xd7HNcPJ33fPTVsUQnM5AcPPE1PMLBWZZ0bvPOnKvQc","X-Parent-Token":"l7K_zriaDHFfvFuLZKnmIrLPEJ9eMeHtewpa7TmZvjY"}
l7K_zriaDHFfvFuLZKnmIrLPEJ9eMeHtewpa7TmZvjY:286 [Gateway DEBUG] [#6] Tokenize START: {url: 'about:blank', gatewayBase: 'http://localhost:3000', hasSessionToken: true, hasPageToken: true, pageToken: '...tewpa7TmZvjY'}
l7K_zriaDHFfvFuLZKnmIrLPEJ9eMeHtewpa7TmZvjY:307 [Gateway DEBUG] [#6] Fetching: http://localhost:3000/tokenize
l7K_zriaDHFfvFuLZKnmIrLPEJ9eMeHtewpa7TmZvjY:308 [Gateway DEBUG] [#6] Headers: {"Content-Type":"application/json","Authorization":"Bearer Xd7HNcPJ33fPTVsUQnM5AcPPE1PMLBWZZ0bvPOnKvQc","X-Parent-Token":"l7K_zriaDHFfvFuLZKnmIrLPEJ9eMeHtewpa7TmZvjY"}
l7K_zriaDHFfvFuLZKnmIrLPEJ9eMeHtewpa7TmZvjY:320 [Gateway DEBUG] [#5] Response: {status: 200, statusText: 'OK', ok: true, duration: '37ms', headers: {…}}
l7K_zriaDHFfvFuLZKnmIrLPEJ9eMeHtewpa7TmZvjY:343 [Gateway DEBUG] [#5] Tokenize SUCCESS: {token: '...WXY0HjXBrSyo', cached: false, url: 'https://vc.hotjar.io/sessions/2903193?s=0.25&r=0.02749513731'}
l7K_zriaDHFfvFuLZKnmIrLPEJ9eMeHtewpa7TmZvjY:311  POST http://localhost:3000/tokenize 403 (Forbidden)
(anonymous) @ l7K_zriaDHFfvFuLZKnmIrLPEJ9eMeHtewpa7TmZvjY:311
tokenizeUrl @ l7K_zriaDHFfvFuLZKnmIrLPEJ9eMeHtewpa7TmZvjY:371
(anonymous) @ l7K_zriaDHFfvFuLZKnmIrLPEJ9eMeHtewpa7TmZvjY:675
(anonymous) @ l7K_zriaDHFfvFuLZKnmIrLPEJ9eMeHtewpa7TmZvjY:659
(anonymous) @ l7K_zriaDHFfvFuLZKnmIrLPEJ9eMeHtewpa7TmZvjY:658
childList
(anonymous) @ r5XnuegBPVHNbYvVoKt3VnQmxWUFSKiOAKg9qF8ankc:4
s @ r5XnuegBPVHNbYvVoKt3VnQmxWUFSKiOAKg9qF8ankc:4
7698 @ r5XnuegBPVHNbYvVoKt3VnQmxWUFSKiOAKg9qF8ankc:4
n @ r5XnuegBPVHNbYvVoKt3VnQmxWUFSKiOAKg9qF8ankc:4
1469 @ r5XnuegBPVHNbYvVoKt3VnQmxWUFSKiOAKg9qF8ankc:4
n @ r5XnuegBPVHNbYvVoKt3VnQmxWUFSKiOAKg9qF8ankc:4
4931 @ r5XnuegBPVHNbYvVoKt3VnQmxWUFSKiOAKg9qF8ankc:4
n @ r5XnuegBPVHNbYvVoKt3VnQmxWUFSKiOAKg9qF8ankc:4
(anonymous) @ r5XnuegBPVHNbYvVoKt3VnQmxWUFSKiOAKg9qF8ankc:4
(anonymous) @ r5XnuegBPVHNbYvVoKt3VnQmxWUFSKiOAKg9qF8ankc:4
(anonymous) @ r5XnuegBPVHNbYvVoKt3VnQmxWUFSKiOAKg9qF8ankc:4
l7K_zriaDHFfvFuLZKnmIrLPEJ9eMeHtewpa7TmZvjY:320 [Gateway DEBUG] [#6] Response: {status: 403, statusText: 'Forbidden', ok: false, duration: '39ms', headers: {…}}
l7K_zriaDHFfvFuLZKnmIrLPEJ9eMeHtewpa7TmZvjY:333 [Gateway DEBUG] [#6] Tokenize FAILED: {status: 403, statusText: 'Forbidden', body: 'URL not allowed: Unsupported scheme: about:', url: 'about:blank'}
(anonymous) @ l7K_zriaDHFfvFuLZKnmIrLPEJ9eMeHtewpa7TmZvjY:333
await in (anonymous)
tokenizeUrl @ l7K_zriaDHFfvFuLZKnmIrLPEJ9eMeHtewpa7TmZvjY:371
(anonymous) @ l7K_zriaDHFfvFuLZKnmIrLPEJ9eMeHtewpa7TmZvjY:675
(anonymous) @ l7K_zriaDHFfvFuLZKnmIrLPEJ9eMeHtewpa7TmZvjY:659
(anonymous) @ l7K_zriaDHFfvFuLZKnmIrLPEJ9eMeHtewpa7TmZvjY:658
childList
(anonymous) @ r5XnuegBPVHNbYvVoKt3VnQmxWUFSKiOAKg9qF8ankc:4
s @ r5XnuegBPVHNbYvVoKt3VnQmxWUFSKiOAKg9qF8ankc:4
7698 @ r5XnuegBPVHNbYvVoKt3VnQmxWUFSKiOAKg9qF8ankc:4
n @ r5XnuegBPVHNbYvVoKt3VnQmxWUFSKiOAKg9qF8ankc:4
1469 @ r5XnuegBPVHNbYvVoKt3VnQmxWUFSKiOAKg9qF8ankc:4
n @ r5XnuegBPVHNbYvVoKt3VnQmxWUFSKiOAKg9qF8ankc:4
4931 @ r5XnuegBPVHNbYvVoKt3VnQmxWUFSKiOAKg9qF8ankc:4
n @ r5XnuegBPVHNbYvVoKt3VnQmxWUFSKiOAKg9qF8ankc:4
(anonymous) @ r5XnuegBPVHNbYvVoKt3VnQmxWUFSKiOAKg9qF8ankc:4
(anonymous) @ r5XnuegBPVHNbYvVoKt3VnQmxWUFSKiOAKg9qF8ankc:4
(anonymous) @ r5XnuegBPVHNbYvVoKt3VnQmxWUFSKiOAKg9qF8ankc:4
(index):1 Refused to execute script from 'http://localhost:3000/go/-_7l0FUJOGpGIGvpZ4LNphvwYkeWYKK655YIZzj53cM' because its MIME type ('text/html') is not executable, and strict MIME type checking is enabled.
l7K_zriaDHFfvFuLZKnmIrLPEJ9eMeHtewpa7TmZvjY:464 [Gateway FETCH] [#3] {url: 'https://www.google-analytics.com/g/collect?v=2&tid=G-5FSK1E1JLZ&gtm=45je5ca1v9123776229za20gzd911566', needsTokenization: true, method: 'POST'}
l7K_zriaDHFfvFuLZKnmIrLPEJ9eMeHtewpa7TmZvjY:476 [Gateway FETCH] [#3] Resolved URL: https://www.google-analytics.com/g/collect?v=2&tid=G-5FSK1E1JLZ&gtm=45je5ca1v9123776229za20gzd911566
l7K_zriaDHFfvFuLZKnmIrLPEJ9eMeHtewpa7TmZvjY:286 [Gateway DEBUG] [#7] Tokenize START: {url: 'https://www.google-analytics.com/g/collect?v=2&tid=G-5FSK1E1JLZ&gtm=45je5ca1v9123776229za20gzd911566', gatewayBase: 'http://localhost:3000', hasSessionToken: true, hasPageToken: true, pageToken: '...tewpa7TmZvjY'}
l7K_zriaDHFfvFuLZKnmIrLPEJ9eMeHtewpa7TmZvjY:307 [Gateway DEBUG] [#7] Fetching: http://localhost:3000/tokenize
l7K_zriaDHFfvFuLZKnmIrLPEJ9eMeHtewpa7TmZvjY:308 [Gateway DEBUG] [#7] Headers: {"Content-Type":"application/json","Authorization":"Bearer Xd7HNcPJ33fPTVsUQnM5AcPPE1PMLBWZZ0bvPOnKvQc","X-Parent-Token":"l7K_zriaDHFfvFuLZKnmIrLPEJ9eMeHtewpa7TmZvjY"}
l7K_zriaDHFfvFuLZKnmIrLPEJ9eMeHtewpa7TmZvjY:320 [Gateway DEBUG] [#7] Response: {status: 200, statusText: 'OK', ok: true, duration: '7ms', headers: {…}}
l7K_zriaDHFfvFuLZKnmIrLPEJ9eMeHtewpa7TmZvjY:343 [Gateway DEBUG] [#7] Tokenize SUCCESS: {token: '...TwziIUpmsdYc', cached: false, url: 'https://www.google-analytics.com/g/collect?v=2&tid=G-5FSK1E1'}
l7K_zriaDHFfvFuLZKnmIrLPEJ9eMeHtewpa7TmZvjY:482 [Gateway FETCH] [#3] Tokenized to: http://localhost:3000/go/7Y9rPrRJVdIVeUWtm1eBEGhXKI1rEXLTwziIUpmsdYc
l7K_zriaDHFfvFuLZKnmIrLPEJ9eMeHtewpa7TmZvjY:286 [Gateway DEBUG] [#8] Tokenize START: {url: 'https://www.youtube.com/embed/q-kf5UPAxyM?autoplay=1&mute=1&controls=1&start=1&origin=http%3A%2F%2Fl', gatewayBase: 'http://localhost:3000', hasSessionToken: true, hasPageToken: true, pageToken: '...tewpa7TmZvjY'}
l7K_zriaDHFfvFuLZKnmIrLPEJ9eMeHtewpa7TmZvjY:307 [Gateway DEBUG] [#8] Fetching: http://localhost:3000/tokenize
l7K_zriaDHFfvFuLZKnmIrLPEJ9eMeHtewpa7TmZvjY:308 [Gateway DEBUG] [#8] Headers: {"Content-Type":"application/json","Authorization":"Bearer Xd7HNcPJ33fPTVsUQnM5AcPPE1PMLBWZZ0bvPOnKvQc","X-Parent-Token":"l7K_zriaDHFfvFuLZKnmIrLPEJ9eMeHtewpa7TmZvjY"}
l7K_zriaDHFfvFuLZKnmIrLPEJ9eMeHtewpa7TmZvjY:320 [Gateway DEBUG] [#8] Response: {status: 200, statusText: 'OK', ok: true, duration: '65ms', headers: {…}}
l7K_zriaDHFfvFuLZKnmIrLPEJ9eMeHtewpa7TmZvjY:343 [Gateway DEBUG] [#8] Tokenize SUCCESS: {token: '...dFWynGNrJBUM', cached: false, url: 'https://www.youtube.com/embed/q-kf5UPAxyM?autoplay=1&mute=1&'}
Failed to execute 'postMessage' on 'DOMWindow': The target origin provided ('<URL>') does not match the recipient window's origin ('<URL>').
Failed to execute 'postMessage' on 'DOMWindow': The target origin provided ('<URL>') does not match the recipient window's origin ('<URL>').
Failed to execute 'postMessage' on 'DOMWindow': The target origin provided ('<URL>') does not match the recipient window's origin ('<URL>').
Failed to execute 'postMessage' on 'DOMWindow': The target origin provided ('<URL>') does not match the recipient window's origin ('<URL>').
Failed to execute 'postMessage' on 'DOMWindow': The target origin provided ('<URL>') does not match the recipient window's origin ('<URL>').
Failed to execute 'postMessage' on 'DOMWindow': The target origin provided ('<URL>') does not match the recipient window's origin ('<URL>').
Failed to execute 'postMessage' on 'DOMWindow': The target origin provided ('<URL>') does not match the recipient window's origin ('<URL>').
Failed to execute 'postMessage' on 'DOMWindow': The target origin provided ('<URL>') does not match the recipient window's origin ('<URL>').
Failed to execute 'postMessage' on 'DOMWindow': The target origin provided ('<URL>') does not match the recipient window's origin ('<URL>').
Failed to execute 'postMessage' on 'DOMWindow': The target origin provided ('<URL>') does not match the recipient window's origin ('<URL>').
Failed to execute 'postMessage' on 'DOMWindow': The target origin provided ('<URL>') does not match the recipient window's origin ('<URL>').
Failed to execute 'postMessage' on 'DOMWindow': The target origin provided ('<URL>') does not match the recipient window's origin ('<URL>').
Failed to execute 'postMessage' on 'DOMWindow': The target origin provided ('<URL>') does not match the recipient window's origin ('<URL>').
Failed to execute 'postMessage' on 'DOMWindow': The target origin provided ('<URL>') does not match the recipient window's origin ('<URL>').
Failed to execute 'postMessage' on 'DOMWindow': The target origin provided ('<URL>') does not match the recipient window's origin ('<URL>').
Failed to execute 'postMessage' on 'DOMWindow': The target origin provided ('<URL>') does not match the recipient window's origin ('<URL>').
Failed to execute 'postMessage' on 'DOMWindow': The target origin provided ('<URL>') does not match the recipient window's origin ('<URL>').
Failed to execute 'postMessage' on 'DOMWindow': The target origin provided ('<URL>') does not match the recipient window's origin ('<URL>').
Failed to execute 'postMessage' on 'DOMWindow': The target origin provided ('<URL>') does not match the recipient window's origin ('<URL>').
Failed to execute 'postMessage' on 'DOMWindow': The target origin provided ('<URL>') does not match the recipient window's origin ('<URL>').
Failed to execute 'postMessage' on 'DOMWindow': The target origin provided ('<URL>') does not match the recipient window's origin ('<URL>').
Failed to execute 'postMessage' on 'DOMWindow': The target origin provided ('<URL>') does not match the recipient window's origin ('<URL>').
Failed to execute 'postMessage' on 'DOMWindow': The target origin provided ('<URL>') does not match the recipient window's origin ('<URL>').
Failed to execute 'postMessage' on 'DOMWindow': The target origin provided ('<URL>') does not match the recipient window's origin ('<URL>').
Failed to execute 'postMessage' on 'DOMWindow': The target origin provided ('<URL>') does not match the recipient window's origin ('<URL>').
Failed to execute 'postMessage' on 'DOMWindow': The target origin provided ('<URL>') does not match the recipient window's origin ('<URL>').
Failed to execute 'postMessage' on 'DOMWindow': The target origin provided ('<URL>') does not match the recipient window's origin ('<URL>').
Failed to execute 'postMessage' on 'DOMWindow': The target origin provided ('<URL>') does not match the recipient window's origin ('<URL>').
Failed to execute 'postMessage' on 'DOMWindow': The target origin provided ('<URL>') does not match the recipient window's origin ('<URL>').
Failed to execute 'postMessage' on 'DOMWindow': The target origin provided ('<URL>') does not match the recipient window's origin ('<URL>').
Failed to execute 'postMessage' on 'DOMWindow': The target origin provided ('<URL>') does not match the recipient window's origin ('<URL>').
Failed to execute 'postMessage' on 'DOMWindow': The target origin provided ('<URL>') does not match the recipient window's origin ('<URL>').
Failed to execute 'postMessage' on 'DOMWindow': The target origin provided ('<URL>') does not match the recipient window's origin ('<URL>').
Failed to execute 'postMessage' on 'DOMWindow': The target origin provided ('<URL>') does not match the recipient window's origin ('<URL>').
Failed to execute 'postMessage' on 'DOMWindow': The target origin provided ('<URL>') does not match the recipient window's origin ('<URL>').
Failed to execute 'postMessage' on 'DOMWindow': The target origin provided ('<URL>') does not match the recipient window's origin ('<URL>').
Failed to execute 'postMessage' on 'DOMWindow': The target origin provided ('<URL>') does not match the recipient window's origin ('<URL>').
Failed to execute 'postMessage' on 'DOMWindow': The target origin provided ('<URL>') does not match the recipient window's origin ('<URL>').
Failed to execute 'postMessage' on 'DOMWindow': The target origin provided ('<URL>') does not match the recipient window's origin ('<URL>').
Failed to execute 'postMessage' on 'DOMWindow': The target origin provided ('<URL>') does not match the recipient window's origin ('<URL>').
Failed to execute 'postMessage' on 'DOMWindow': The target origin provided ('<URL>') does not match the recipient window's origin ('<URL>').
Failed to execute 'postMessage' on 'DOMWindow': The target origin provided ('<URL>') does not match the recipient window's origin ('<URL>').
Failed to execute 'postMessage' on 'DOMWindow': The target origin provided ('<URL>') does not match the recipient window's origin ('<URL>').
Failed to execute 'postMessage' on 'DOMWindow': The target origin provided ('<URL>') does not match the recipient window's origin ('<URL>').
Failed to execute 'postMessage' on 'DOMWindow': The target origin provided ('<URL>') does not match the recipient window's origin ('<URL>').
Failed to execute 'postMessage' on 'DOMWindow': The target origin provided ('<URL>') does not match the recipient window's origin ('<URL>').
Failed to execute 'postMessage' on 'DOMWindow': The target origin provided ('<URL>') does not match the recipient window's origin ('<URL>').
Failed to execute 'postMessage' on 'DOMWindow': The target origin provided ('<URL>') does not match the recipient window's origin ('<URL>').
Failed to execute 'postMessage' on 'DOMWindow': The target origin provided ('<URL>') does not match the recipient window's origin ('<URL>').
Failed to execute 'postMessage' on 'DOMWindow': The target origin provided ('<URL>') does not match the recipient window's origin ('<URL>').
Failed to execute 'postMessage' on 'DOMWindow': The target origin provided ('<URL>') does not match the recipient window's origin ('<URL>').
Failed to execute 'postMessage' on 'DOMWindow': The target origin provided ('<URL>') does not match the recipient window's origin ('<URL>').
Failed to execute 'postMessage' on 'DOMWindow': The target origin provided ('<URL>') does not match the recipient window's origin ('<URL>').
Failed to execute 'postMessage' on 'DOMWindow': The target origin provided ('<URL>') does not match the recipient window's origin ('<URL>').
Failed to execute 'postMessage' on 'DOMWindow': The target origin provided ('<URL>') does not match the recipient window's origin ('<URL>').
Failed to execute 'postMessage' on 'DOMWindow': The target origin provided ('<URL>') does not match the recipient window's origin ('<URL>').
Failed to execute 'postMessage' on 'DOMWindow': The target origin provided ('<URL>') does not match the recipient window's origin ('<URL>').
v0avYINSWscyaIbuQNBKUjb2RoDbbqQxaB61KtGEc6Q:1  GET http://localhost:3000/_next/static/chunks/294-1701b1a71d58a9d9.js net::ERR_ABORTED 404 (Not Found)
(anonymous) @ v0avYINSWscyaIbuQNBKUjb2RoDbbqQxaB61KtGEc6Q:1
(anonymous) @ v0avYINSWscyaIbuQNBKUjb2RoDbbqQxaB61KtGEc6Q:1
(anonymous) @ v0avYINSWscyaIbuQNBKUjb2RoDbbqQxaB61KtGEc6Q:1
Promise.then
prefetch @ v0avYINSWscyaIbuQNBKUjb2RoDbbqQxaB61KtGEc6Q:1
value @ v0avYINSWscyaIbuQNBKUjb2RoDbbqQxaB61KtGEc6Q:1
(anonymous) @ v0avYINSWscyaIbuQNBKUjb2RoDbbqQxaB61KtGEc6Q:1
s @ v0avYINSWscyaIbuQNBKUjb2RoDbbqQxaB61KtGEc6Q:1
(anonymous) @ v0avYINSWscyaIbuQNBKUjb2RoDbbqQxaB61KtGEc6Q:1
P.forEach.e.<computed> @ v0avYINSWscyaIbuQNBKUjb2RoDbbqQxaB61KtGEc6Q:1
i @ v0avYINSWscyaIbuQNBKUjb2RoDbbqQxaB61KtGEc6Q:1
u @ v0avYINSWscyaIbuQNBKUjb2RoDbbqQxaB61KtGEc6Q:1
Promise.then
i @ v0avYINSWscyaIbuQNBKUjb2RoDbbqQxaB61KtGEc6Q:1
u @ v0avYINSWscyaIbuQNBKUjb2RoDbbqQxaB61KtGEc6Q:1
Promise.then
i @ v0avYINSWscyaIbuQNBKUjb2RoDbbqQxaB61KtGEc6Q:1
u @ v0avYINSWscyaIbuQNBKUjb2RoDbbqQxaB61KtGEc6Q:1
(anonymous) @ v0avYINSWscyaIbuQNBKUjb2RoDbbqQxaB61KtGEc6Q:1
(anonymous) @ v0avYINSWscyaIbuQNBKUjb2RoDbbqQxaB61KtGEc6Q:1
value @ v0avYINSWscyaIbuQNBKUjb2RoDbbqQxaB61KtGEc6Q:1
m.forEach.r.<computed> @ v0avYINSWscyaIbuQNBKUjb2RoDbbqQxaB61KtGEc6Q:1
l @ hkZYZfy4LkKMBXSv0u0i-5JqKSq2tPVWYAHcDoZusmA:1
(anonymous) @ hkZYZfy4LkKMBXSv0u0i-5JqKSq2tPVWYAHcDoZusmA:1
Fi @ J5p182nHknl0hOtxA0AukjCZFVoBkEad8nTb-jFLZIs:1
t.unstable_runWithPriority @ J5p182nHknl0hOtxA0AukjCZFVoBkEad8nTb-jFLZIs:1
$l @ J5p182nHknl0hOtxA0AukjCZFVoBkEad8nTb-jFLZIs:1
Oi @ J5p182nHknl0hOtxA0AukjCZFVoBkEad8nTb-jFLZIs:1
vi @ J5p182nHknl0hOtxA0AukjCZFVoBkEad8nTb-jFLZIs:1
(anonymous) @ J5p182nHknl0hOtxA0AukjCZFVoBkEad8nTb-jFLZIs:1
t.unstable_runWithPriority @ J5p182nHknl0hOtxA0AukjCZFVoBkEad8nTb-jFLZIs:1
$l @ J5p182nHknl0hOtxA0AukjCZFVoBkEad8nTb-jFLZIs:1
Ql @ J5p182nHknl0hOtxA0AukjCZFVoBkEad8nTb-jFLZIs:1
Hl @ J5p182nHknl0hOtxA0AukjCZFVoBkEad8nTb-jFLZIs:1
fi @ J5p182nHknl0hOtxA0AukjCZFVoBkEad8nTb-jFLZIs:1
No @ J5p182nHknl0hOtxA0AukjCZFVoBkEad8nTb-jFLZIs:1
(anonymous) @ n5UR576GkqiEJF3SNZnN04EwwvXyMi6k_XO4cccdY4s:1
(anonymous) @ n5UR576GkqiEJF3SNZnN04EwwvXyMi6k_XO4cccdY4s:1
(anonymous) @ n5UR576GkqiEJF3SNZnN04EwwvXyMi6k_XO4cccdY4s:1
v0avYINSWscyaIbuQNBKUjb2RoDbbqQxaB61KtGEc6Q:1  GET http://localhost:3000/_next/static/chunks/239-d6be64e084e0072b.js net::ERR_ABORTED 404 (Not Found)
(anonymous) @ v0avYINSWscyaIbuQNBKUjb2RoDbbqQxaB61KtGEc6Q:1
(anonymous) @ v0avYINSWscyaIbuQNBKUjb2RoDbbqQxaB61KtGEc6Q:1
(anonymous) @ v0avYINSWscyaIbuQNBKUjb2RoDbbqQxaB61KtGEc6Q:1
Promise.then
prefetch @ v0avYINSWscyaIbuQNBKUjb2RoDbbqQxaB61KtGEc6Q:1
value @ v0avYINSWscyaIbuQNBKUjb2RoDbbqQxaB61KtGEc6Q:1
(anonymous) @ v0avYINSWscyaIbuQNBKUjb2RoDbbqQxaB61KtGEc6Q:1
s @ v0avYINSWscyaIbuQNBKUjb2RoDbbqQxaB61KtGEc6Q:1
(anonymous) @ v0avYINSWscyaIbuQNBKUjb2RoDbbqQxaB61KtGEc6Q:1
P.forEach.e.<computed> @ v0avYINSWscyaIbuQNBKUjb2RoDbbqQxaB61KtGEc6Q:1
i @ v0avYINSWscyaIbuQNBKUjb2RoDbbqQxaB61KtGEc6Q:1
u @ v0avYINSWscyaIbuQNBKUjb2RoDbbqQxaB61KtGEc6Q:1
Promise.then
i @ v0avYINSWscyaIbuQNBKUjb2RoDbbqQxaB61KtGEc6Q:1
u @ v0avYINSWscyaIbuQNBKUjb2RoDbbqQxaB61KtGEc6Q:1
Promise.then
i @ v0avYINSWscyaIbuQNBKUjb2RoDbbqQxaB61KtGEc6Q:1
u @ v0avYINSWscyaIbuQNBKUjb2RoDbbqQxaB61KtGEc6Q:1
(anonymous) @ v0avYINSWscyaIbuQNBKUjb2RoDbbqQxaB61KtGEc6Q:1
(anonymous) @ v0avYINSWscyaIbuQNBKUjb2RoDbbqQxaB61KtGEc6Q:1
value @ v0avYINSWscyaIbuQNBKUjb2RoDbbqQxaB61KtGEc6Q:1
m.forEach.r.<computed> @ v0avYINSWscyaIbuQNBKUjb2RoDbbqQxaB61KtGEc6Q:1
l @ hkZYZfy4LkKMBXSv0u0i-5JqKSq2tPVWYAHcDoZusmA:1
(anonymous) @ hkZYZfy4LkKMBXSv0u0i-5JqKSq2tPVWYAHcDoZusmA:1
Fi @ J5p182nHknl0hOtxA0AukjCZFVoBkEad8nTb-jFLZIs:1
t.unstable_runWithPriority @ J5p182nHknl0hOtxA0AukjCZFVoBkEad8nTb-jFLZIs:1
$l @ J5p182nHknl0hOtxA0AukjCZFVoBkEad8nTb-jFLZIs:1
Oi @ J5p182nHknl0hOtxA0AukjCZFVoBkEad8nTb-jFLZIs:1
vi @ J5p182nHknl0hOtxA0AukjCZFVoBkEad8nTb-jFLZIs:1
(anonymous) @ J5p182nHknl0hOtxA0AukjCZFVoBkEad8nTb-jFLZIs:1
t.unstable_runWithPriority @ J5p182nHknl0hOtxA0AukjCZFVoBkEad8nTb-jFLZIs:1
$l @ J5p182nHknl0hOtxA0AukjCZFVoBkEad8nTb-jFLZIs:1
Ql @ J5p182nHknl0hOtxA0AukjCZFVoBkEad8nTb-jFLZIs:1
Hl @ J5p182nHknl0hOtxA0AukjCZFVoBkEad8nTb-jFLZIs:1
fi @ J5p182nHknl0hOtxA0AukjCZFVoBkEad8nTb-jFLZIs:1
No @ J5p182nHknl0hOtxA0AukjCZFVoBkEad8nTb-jFLZIs:1
(anonymous) @ n5UR576GkqiEJF3SNZnN04EwwvXyMi6k_XO4cccdY4s:1
(anonymous) @ n5UR576GkqiEJF3SNZnN04EwwvXyMi6k_XO4cccdY4s:1
(anonymous) @ n5UR576GkqiEJF3SNZnN04EwwvXyMi6k_XO4cccdY4s:1
v0avYINSWscyaIbuQNBKUjb2RoDbbqQxaB61KtGEc6Q:1  GET http://localhost:3000/_next/static/chunks/669-434db596a88142c2.js net::ERR_ABORTED 404 (Not Found)
(anonymous) @ v0avYINSWscyaIbuQNBKUjb2RoDbbqQxaB61KtGEc6Q:1
(anonymous) @ v0avYINSWscyaIbuQNBKUjb2RoDbbqQxaB61KtGEc6Q:1
(anonymous) @ v0avYINSWscyaIbuQNBKUjb2RoDbbqQxaB61KtGEc6Q:1
Promise.then
prefetch @ v0avYINSWscyaIbuQNBKUjb2RoDbbqQxaB61KtGEc6Q:1
value @ v0avYINSWscyaIbuQNBKUjb2RoDbbqQxaB61KtGEc6Q:1
(anonymous) @ v0avYINSWscyaIbuQNBKUjb2RoDbbqQxaB61KtGEc6Q:1
s @ v0avYINSWscyaIbuQNBKUjb2RoDbbqQxaB61KtGEc6Q:1
(anonymous) @ v0avYINSWscyaIbuQNBKUjb2RoDbbqQxaB61KtGEc6Q:1
P.forEach.e.<computed> @ v0avYINSWscyaIbuQNBKUjb2RoDbbqQxaB61KtGEc6Q:1
i @ v0avYINSWscyaIbuQNBKUjb2RoDbbqQxaB61KtGEc6Q:1
u @ v0avYINSWscyaIbuQNBKUjb2RoDbbqQxaB61KtGEc6Q:1
Promise.then
i @ v0avYINSWscyaIbuQNBKUjb2RoDbbqQxaB61KtGEc6Q:1
u @ v0avYINSWscyaIbuQNBKUjb2RoDbbqQxaB61KtGEc6Q:1
Promise.then
i @ v0avYINSWscyaIbuQNBKUjb2RoDbbqQxaB61KtGEc6Q:1
u @ v0avYINSWscyaIbuQNBKUjb2RoDbbqQxaB61KtGEc6Q:1
(anonymous) @ v0avYINSWscyaIbuQNBKUjb2RoDbbqQxaB61KtGEc6Q:1
(anonymous) @ v0avYINSWscyaIbuQNBKUjb2RoDbbqQxaB61KtGEc6Q:1
value @ v0avYINSWscyaIbuQNBKUjb2RoDbbqQxaB61KtGEc6Q:1
m.forEach.r.<computed> @ v0avYINSWscyaIbuQNBKUjb2RoDbbqQxaB61KtGEc6Q:1
l @ hkZYZfy4LkKMBXSv0u0i-5JqKSq2tPVWYAHcDoZusmA:1
(anonymous) @ hkZYZfy4LkKMBXSv0u0i-5JqKSq2tPVWYAHcDoZusmA:1
Fi @ J5p182nHknl0hOtxA0AukjCZFVoBkEad8nTb-jFLZIs:1
t.unstable_runWithPriority @ J5p182nHknl0hOtxA0AukjCZFVoBkEad8nTb-jFLZIs:1
$l @ J5p182nHknl0hOtxA0AukjCZFVoBkEad8nTb-jFLZIs:1
Oi @ J5p182nHknl0hOtxA0AukjCZFVoBkEad8nTb-jFLZIs:1
vi @ J5p182nHknl0hOtxA0AukjCZFVoBkEad8nTb-jFLZIs:1
(anonymous) @ J5p182nHknl0hOtxA0AukjCZFVoBkEad8nTb-jFLZIs:1
t.unstable_runWithPriority @ J5p182nHknl0hOtxA0AukjCZFVoBkEad8nTb-jFLZIs:1
$l @ J5p182nHknl0hOtxA0AukjCZFVoBkEad8nTb-jFLZIs:1
Ql @ J5p182nHknl0hOtxA0AukjCZFVoBkEad8nTb-jFLZIs:1
Hl @ J5p182nHknl0hOtxA0AukjCZFVoBkEad8nTb-jFLZIs:1
fi @ J5p182nHknl0hOtxA0AukjCZFVoBkEad8nTb-jFLZIs:1
No @ J5p182nHknl0hOtxA0AukjCZFVoBkEad8nTb-jFLZIs:1
(anonymous) @ n5UR576GkqiEJF3SNZnN04EwwvXyMi6k_XO4cccdY4s:1
(anonymous) @ n5UR576GkqiEJF3SNZnN04EwwvXyMi6k_XO4cccdY4s:1
(anonymous) @ n5UR576GkqiEJF3SNZnN04EwwvXyMi6k_XO4cccdY4s:1
v0avYINSWscyaIbuQNBKUjb2RoDbbqQxaB61KtGEc6Q:1  GET http://localhost:3000/_next/static/chunks/261-f82d1287ac1962da.js net::ERR_ABORTED 404 (Not Found)
(anonymous) @ v0avYINSWscyaIbuQNBKUjb2RoDbbqQxaB61KtGEc6Q:1
(anonymous) @ v0avYINSWscyaIbuQNBKUjb2RoDbbqQxaB61KtGEc6Q:1
(anonymous) @ v0avYINSWscyaIbuQNBKUjb2RoDbbqQxaB61KtGEc6Q:1
Promise.then
prefetch @ v0avYINSWscyaIbuQNBKUjb2RoDbbqQxaB61KtGEc6Q:1
value @ v0avYINSWscyaIbuQNBKUjb2RoDbbqQxaB61KtGEc6Q:1
(anonymous) @ v0avYINSWscyaIbuQNBKUjb2RoDbbqQxaB61KtGEc6Q:1
s @ v0avYINSWscyaIbuQNBKUjb2RoDbbqQxaB61KtGEc6Q:1
(anonymous) @ v0avYINSWscyaIbuQNBKUjb2RoDbbqQxaB61KtGEc6Q:1
P.forEach.e.<computed> @ v0avYINSWscyaIbuQNBKUjb2RoDbbqQxaB61KtGEc6Q:1
i @ v0avYINSWscyaIbuQNBKUjb2RoDbbqQxaB61KtGEc6Q:1
u @ v0avYINSWscyaIbuQNBKUjb2RoDbbqQxaB61KtGEc6Q:1
Promise.then
i @ v0avYINSWscyaIbuQNBKUjb2RoDbbqQxaB61KtGEc6Q:1
u @ v0avYINSWscyaIbuQNBKUjb2RoDbbqQxaB61KtGEc6Q:1
Promise.then
i @ v0avYINSWscyaIbuQNBKUjb2RoDbbqQxaB61KtGEc6Q:1
u @ v0avYINSWscyaIbuQNBKUjb2RoDbbqQxaB61KtGEc6Q:1
(anonymous) @ v0avYINSWscyaIbuQNBKUjb2RoDbbqQxaB61KtGEc6Q:1
(anonymous) @ v0avYINSWscyaIbuQNBKUjb2RoDbbqQxaB61KtGEc6Q:1
value @ v0avYINSWscyaIbuQNBKUjb2RoDbbqQxaB61KtGEc6Q:1
m.forEach.r.<computed> @ v0avYINSWscyaIbuQNBKUjb2RoDbbqQxaB61KtGEc6Q:1
l @ hkZYZfy4LkKMBXSv0u0i-5JqKSq2tPVWYAHcDoZusmA:1
(anonymous) @ hkZYZfy4LkKMBXSv0u0i-5JqKSq2tPVWYAHcDoZusmA:1
Fi @ J5p182nHknl0hOtxA0AukjCZFVoBkEad8nTb-jFLZIs:1
t.unstable_runWithPriority @ J5p182nHknl0hOtxA0AukjCZFVoBkEad8nTb-jFLZIs:1
$l @ J5p182nHknl0hOtxA0AukjCZFVoBkEad8nTb-jFLZIs:1
Oi @ J5p182nHknl0hOtxA0AukjCZFVoBkEad8nTb-jFLZIs:1
vi @ J5p182nHknl0hOtxA0AukjCZFVoBkEad8nTb-jFLZIs:1
(anonymous) @ J5p182nHknl0hOtxA0AukjCZFVoBkEad8nTb-jFLZIs:1
t.unstable_runWithPriority @ J5p182nHknl0hOtxA0AukjCZFVoBkEad8nTb-jFLZIs:1
$l @ J5p182nHknl0hOtxA0AukjCZFVoBkEad8nTb-jFLZIs:1
Ql @ J5p182nHknl0hOtxA0AukjCZFVoBkEad8nTb-jFLZIs:1
Hl @ J5p182nHknl0hOtxA0AukjCZFVoBkEad8nTb-jFLZIs:1
fi @ J5p182nHknl0hOtxA0AukjCZFVoBkEad8nTb-jFLZIs:1
No @ J5p182nHknl0hOtxA0AukjCZFVoBkEad8nTb-jFLZIs:1
(anonymous) @ n5UR576GkqiEJF3SNZnN04EwwvXyMi6k_XO4cccdY4s:1
(anonymous) @ n5UR576GkqiEJF3SNZnN04EwwvXyMi6k_XO4cccdY4s:1
(anonymous) @ n5UR576GkqiEJF3SNZnN04EwwvXyMi6k_XO4cccdY4s:1
v0avYINSWscyaIbuQNBKUjb2RoDbbqQxaB61KtGEc6Q:1  GET http://localhost:3000/_next/static/chunks/786-1454398969e9729c.js net::ERR_ABORTED 404 (Not Found)
(anonymous) @ v0avYINSWscyaIbuQNBKUjb2RoDbbqQxaB61KtGEc6Q:1
(anonymous) @ v0avYINSWscyaIbuQNBKUjb2RoDbbqQxaB61KtGEc6Q:1
(anonymous) @ v0avYINSWscyaIbuQNBKUjb2RoDbbqQxaB61KtGEc6Q:1
Promise.then
prefetch @ v0avYINSWscyaIbuQNBKUjb2RoDbbqQxaB61KtGEc6Q:1
value @ v0avYINSWscyaIbuQNBKUjb2RoDbbqQxaB61KtGEc6Q:1
(anonymous) @ v0avYINSWscyaIbuQNBKUjb2RoDbbqQxaB61KtGEc6Q:1
s @ v0avYINSWscyaIbuQNBKUjb2RoDbbqQxaB61KtGEc6Q:1
(anonymous) @ v0avYINSWscyaIbuQNBKUjb2RoDbbqQxaB61KtGEc6Q:1
P.forEach.e.<computed> @ v0avYINSWscyaIbuQNBKUjb2RoDbbqQxaB61KtGEc6Q:1
i @ v0avYINSWscyaIbuQNBKUjb2RoDbbqQxaB61KtGEc6Q:1
u @ v0avYINSWscyaIbuQNBKUjb2RoDbbqQxaB61KtGEc6Q:1
Promise.then
i @ v0avYINSWscyaIbuQNBKUjb2RoDbbqQxaB61KtGEc6Q:1
u @ v0avYINSWscyaIbuQNBKUjb2RoDbbqQxaB61KtGEc6Q:1
Promise.then
i @ v0avYINSWscyaIbuQNBKUjb2RoDbbqQxaB61KtGEc6Q:1
u @ v0avYINSWscyaIbuQNBKUjb2RoDbbqQxaB61KtGEc6Q:1
(anonymous) @ v0avYINSWscyaIbuQNBKUjb2RoDbbqQxaB61KtGEc6Q:1
(anonymous) @ v0avYINSWscyaIbuQNBKUjb2RoDbbqQxaB61KtGEc6Q:1
value @ v0avYINSWscyaIbuQNBKUjb2RoDbbqQxaB61KtGEc6Q:1
m.forEach.r.<computed> @ v0avYINSWscyaIbuQNBKUjb2RoDbbqQxaB61KtGEc6Q:1
l @ hkZYZfy4LkKMBXSv0u0i-5JqKSq2tPVWYAHcDoZusmA:1
(anonymous) @ hkZYZfy4LkKMBXSv0u0i-5JqKSq2tPVWYAHcDoZusmA:1
Fi @ J5p182nHknl0hOtxA0AukjCZFVoBkEad8nTb-jFLZIs:1
t.unstable_runWithPriority @ J5p182nHknl0hOtxA0AukjCZFVoBkEad8nTb-jFLZIs:1
$l @ J5p182nHknl0hOtxA0AukjCZFVoBkEad8nTb-jFLZIs:1
Oi @ J5p182nHknl0hOtxA0AukjCZFVoBkEad8nTb-jFLZIs:1
vi @ J5p182nHknl0hOtxA0AukjCZFVoBkEad8nTb-jFLZIs:1
(anonymous) @ J5p182nHknl0hOtxA0AukjCZFVoBkEad8nTb-jFLZIs:1
t.unstable_runWithPriority @ J5p182nHknl0hOtxA0AukjCZFVoBkEad8nTb-jFLZIs:1
$l @ J5p182nHknl0hOtxA0AukjCZFVoBkEad8nTb-jFLZIs:1
Ql @ J5p182nHknl0hOtxA0AukjCZFVoBkEad8nTb-jFLZIs:1
Hl @ J5p182nHknl0hOtxA0AukjCZFVoBkEad8nTb-jFLZIs:1
fi @ J5p182nHknl0hOtxA0AukjCZFVoBkEad8nTb-jFLZIs:1
No @ J5p182nHknl0hOtxA0AukjCZFVoBkEad8nTb-jFLZIs:1
(anonymous) @ n5UR576GkqiEJF3SNZnN04EwwvXyMi6k_XO4cccdY4s:1
(anonymous) @ n5UR576GkqiEJF3SNZnN04EwwvXyMi6k_XO4cccdY4s:1
(anonymous) @ n5UR576GkqiEJF3SNZnN04EwwvXyMi6k_XO4cccdY4s:1
v0avYINSWscyaIbuQNBKUjb2RoDbbqQxaB61KtGEc6Q:1  GET http://localhost:3000/_next/static/chunks/599-bdc4c40704c289ed.js net::ERR_ABORTED 404 (Not Found)
(anonymous) @ v0avYINSWscyaIbuQNBKUjb2RoDbbqQxaB61KtGEc6Q:1
(anonymous) @ v0avYINSWscyaIbuQNBKUjb2RoDbbqQxaB61KtGEc6Q:1
(anonymous) @ v0avYINSWscyaIbuQNBKUjb2RoDbbqQxaB61KtGEc6Q:1
Promise.then
prefetch @ v0avYINSWscyaIbuQNBKUjb2RoDbbqQxaB61KtGEc6Q:1
value @ v0avYINSWscyaIbuQNBKUjb2RoDbbqQxaB61KtGEc6Q:1
(anonymous) @ v0avYINSWscyaIbuQNBKUjb2RoDbbqQxaB61KtGEc6Q:1
s @ v0avYINSWscyaIbuQNBKUjb2RoDbbqQxaB61KtGEc6Q:1
(anonymous) @ v0avYINSWscyaIbuQNBKUjb2RoDbbqQxaB61KtGEc6Q:1
P.forEach.e.<computed> @ v0avYINSWscyaIbuQNBKUjb2RoDbbqQxaB61KtGEc6Q:1
i @ v0avYINSWscyaIbuQNBKUjb2RoDbbqQxaB61KtGEc6Q:1
u @ v0avYINSWscyaIbuQNBKUjb2RoDbbqQxaB61KtGEc6Q:1
Promise.then
i @ v0avYINSWscyaIbuQNBKUjb2RoDbbqQxaB61KtGEc6Q:1
u @ v0avYINSWscyaIbuQNBKUjb2RoDbbqQxaB61KtGEc6Q:1
Promise.then
i @ v0avYINSWscyaIbuQNBKUjb2RoDbbqQxaB61KtGEc6Q:1
u @ v0avYINSWscyaIbuQNBKUjb2RoDbbqQxaB61KtGEc6Q:1
(anonymous) @ v0avYINSWscyaIbuQNBKUjb2RoDbbqQxaB61KtGEc6Q:1
(anonymous) @ v0avYINSWscyaIbuQNBKUjb2RoDbbqQxaB61KtGEc6Q:1
value @ v0avYINSWscyaIbuQNBKUjb2RoDbbqQxaB61KtGEc6Q:1
m.forEach.r.<computed> @ v0avYINSWscyaIbuQNBKUjb2RoDbbqQxaB61KtGEc6Q:1
l @ hkZYZfy4LkKMBXSv0u0i-5JqKSq2tPVWYAHcDoZusmA:1
(anonymous) @ hkZYZfy4LkKMBXSv0u0i-5JqKSq2tPVWYAHcDoZusmA:1
Fi @ J5p182nHknl0hOtxA0AukjCZFVoBkEad8nTb-jFLZIs:1
t.unstable_runWithPriority @ J5p182nHknl0hOtxA0AukjCZFVoBkEad8nTb-jFLZIs:1
$l @ J5p182nHknl0hOtxA0AukjCZFVoBkEad8nTb-jFLZIs:1
Oi @ J5p182nHknl0hOtxA0AukjCZFVoBkEad8nTb-jFLZIs:1
vi @ J5p182nHknl0hOtxA0AukjCZFVoBkEad8nTb-jFLZIs:1
(anonymous) @ J5p182nHknl0hOtxA0AukjCZFVoBkEad8nTb-jFLZIs:1
t.unstable_runWithPriority @ J5p182nHknl0hOtxA0AukjCZFVoBkEad8nTb-jFLZIs:1
$l @ J5p182nHknl0hOtxA0AukjCZFVoBkEad8nTb-jFLZIs:1
Ql @ J5p182nHknl0hOtxA0AukjCZFVoBkEad8nTb-jFLZIs:1
Hl @ J5p182nHknl0hOtxA0AukjCZFVoBkEad8nTb-jFLZIs:1
fi @ J5p182nHknl0hOtxA0AukjCZFVoBkEad8nTb-jFLZIs:1
No @ J5p182nHknl0hOtxA0AukjCZFVoBkEad8nTb-jFLZIs:1
(anonymous) @ n5UR576GkqiEJF3SNZnN04EwwvXyMi6k_XO4cccdY4s:1
(anonymous) @ n5UR576GkqiEJF3SNZnN04EwwvXyMi6k_XO4cccdY4s:1
(anonymous) @ n5UR576GkqiEJF3SNZnN04EwwvXyMi6k_XO4cccdY4s:1
v0avYINSWscyaIbuQNBKUjb2RoDbbqQxaB61KtGEc6Q:1  GET http://localhost:3000/_next/static/chunks/582-850bacd008afb956.js net::ERR_ABORTED 404 (Not Found)
(anonymous) @ v0avYINSWscyaIbuQNBKUjb2RoDbbqQxaB61KtGEc6Q:1
(anonymous) @ v0avYINSWscyaIbuQNBKUjb2RoDbbqQxaB61KtGEc6Q:1
(anonymous) @ v0avYINSWscyaIbuQNBKUjb2RoDbbqQxaB61KtGEc6Q:1
Promise.then
prefetch @ v0avYINSWscyaIbuQNBKUjb2RoDbbqQxaB61KtGEc6Q:1
value @ v0avYINSWscyaIbuQNBKUjb2RoDbbqQxaB61KtGEc6Q:1
(anonymous) @ v0avYINSWscyaIbuQNBKUjb2RoDbbqQxaB61KtGEc6Q:1
s @ v0avYINSWscyaIbuQNBKUjb2RoDbbqQxaB61KtGEc6Q:1
(anonymous) @ v0avYINSWscyaIbuQNBKUjb2RoDbbqQxaB61KtGEc6Q:1
P.forEach.e.<computed> @ v0avYINSWscyaIbuQNBKUjb2RoDbbqQxaB61KtGEc6Q:1
i @ v0avYINSWscyaIbuQNBKUjb2RoDbbqQxaB61KtGEc6Q:1
u @ v0avYINSWscyaIbuQNBKUjb2RoDbbqQxaB61KtGEc6Q:1
Promise.then
i @ v0avYINSWscyaIbuQNBKUjb2RoDbbqQxaB61KtGEc6Q:1
u @ v0avYINSWscyaIbuQNBKUjb2RoDbbqQxaB61KtGEc6Q:1
Promise.then
i @ v0avYINSWscyaIbuQNBKUjb2RoDbbqQxaB61KtGEc6Q:1
u @ v0avYINSWscyaIbuQNBKUjb2RoDbbqQxaB61KtGEc6Q:1
(anonymous) @ v0avYINSWscyaIbuQNBKUjb2RoDbbqQxaB61KtGEc6Q:1
(anonymous) @ v0avYINSWscyaIbuQNBKUjb2RoDbbqQxaB61KtGEc6Q:1
value @ v0avYINSWscyaIbuQNBKUjb2RoDbbqQxaB61KtGEc6Q:1
m.forEach.r.<computed> @ v0avYINSWscyaIbuQNBKUjb2RoDbbqQxaB61KtGEc6Q:1
l @ hkZYZfy4LkKMBXSv0u0i-5JqKSq2tPVWYAHcDoZusmA:1
(anonymous) @ hkZYZfy4LkKMBXSv0u0i-5JqKSq2tPVWYAHcDoZusmA:1
Fi @ J5p182nHknl0hOtxA0AukjCZFVoBkEad8nTb-jFLZIs:1
t.unstable_runWithPriority @ J5p182nHknl0hOtxA0AukjCZFVoBkEad8nTb-jFLZIs:1
$l @ J5p182nHknl0hOtxA0AukjCZFVoBkEad8nTb-jFLZIs:1
Oi @ J5p182nHknl0hOtxA0AukjCZFVoBkEad8nTb-jFLZIs:1
vi @ J5p182nHknl0hOtxA0AukjCZFVoBkEad8nTb-jFLZIs:1
(anonymous) @ J5p182nHknl0hOtxA0AukjCZFVoBkEad8nTb-jFLZIs:1
t.unstable_runWithPriority @ J5p182nHknl0hOtxA0AukjCZFVoBkEad8nTb-jFLZIs:1
$l @ J5p182nHknl0hOtxA0AukjCZFVoBkEad8nTb-jFLZIs:1
Ql @ J5p182nHknl0hOtxA0AukjCZFVoBkEad8nTb-jFLZIs:1
Hl @ J5p182nHknl0hOtxA0AukjCZFVoBkEad8nTb-jFLZIs:1
fi @ J5p182nHknl0hOtxA0AukjCZFVoBkEad8nTb-jFLZIs:1
No @ J5p182nHknl0hOtxA0AukjCZFVoBkEad8nTb-jFLZIs:1
(anonymous) @ n5UR576GkqiEJF3SNZnN04EwwvXyMi6k_XO4cccdY4s:1
(anonymous) @ n5UR576GkqiEJF3SNZnN04EwwvXyMi6k_XO4cccdY4s:1
(anonymous) @ n5UR576GkqiEJF3SNZnN04EwwvXyMi6k_XO4cccdY4s:1
v0avYINSWscyaIbuQNBKUjb2RoDbbqQxaB61KtGEc6Q:1  GET http://localhost:3000/_next/static/chunks/pages/index-73d420be6bf51418.js net::ERR_ABORTED 404 (Not Found)
(anonymous) @ v0avYINSWscyaIbuQNBKUjb2RoDbbqQxaB61KtGEc6Q:1
(anonymous) @ v0avYINSWscyaIbuQNBKUjb2RoDbbqQxaB61KtGEc6Q:1
(anonymous) @ v0avYINSWscyaIbuQNBKUjb2RoDbbqQxaB61KtGEc6Q:1
Promise.then
prefetch @ v0avYINSWscyaIbuQNBKUjb2RoDbbqQxaB61KtGEc6Q:1
value @ v0avYINSWscyaIbuQNBKUjb2RoDbbqQxaB61KtGEc6Q:1
(anonymous) @ v0avYINSWscyaIbuQNBKUjb2RoDbbqQxaB61KtGEc6Q:1
s @ v0avYINSWscyaIbuQNBKUjb2RoDbbqQxaB61KtGEc6Q:1
(anonymous) @ v0avYINSWscyaIbuQNBKUjb2RoDbbqQxaB61KtGEc6Q:1
P.forEach.e.<computed> @ v0avYINSWscyaIbuQNBKUjb2RoDbbqQxaB61KtGEc6Q:1
i @ v0avYINSWscyaIbuQNBKUjb2RoDbbqQxaB61KtGEc6Q:1
u @ v0avYINSWscyaIbuQNBKUjb2RoDbbqQxaB61KtGEc6Q:1
Promise.then
i @ v0avYINSWscyaIbuQNBKUjb2RoDbbqQxaB61KtGEc6Q:1
u @ v0avYINSWscyaIbuQNBKUjb2RoDbbqQxaB61KtGEc6Q:1
Promise.then
i @ v0avYINSWscyaIbuQNBKUjb2RoDbbqQxaB61KtGEc6Q:1
u @ v0avYINSWscyaIbuQNBKUjb2RoDbbqQxaB61KtGEc6Q:1
(anonymous) @ v0avYINSWscyaIbuQNBKUjb2RoDbbqQxaB61KtGEc6Q:1
(anonymous) @ v0avYINSWscyaIbuQNBKUjb2RoDbbqQxaB61KtGEc6Q:1
value @ v0avYINSWscyaIbuQNBKUjb2RoDbbqQxaB61KtGEc6Q:1
m.forEach.r.<computed> @ v0avYINSWscyaIbuQNBKUjb2RoDbbqQxaB61KtGEc6Q:1
l @ hkZYZfy4LkKMBXSv0u0i-5JqKSq2tPVWYAHcDoZusmA:1
(anonymous) @ hkZYZfy4LkKMBXSv0u0i-5JqKSq2tPVWYAHcDoZusmA:1
Fi @ J5p182nHknl0hOtxA0AukjCZFVoBkEad8nTb-jFLZIs:1
t.unstable_runWithPriority @ J5p182nHknl0hOtxA0AukjCZFVoBkEad8nTb-jFLZIs:1
$l @ J5p182nHknl0hOtxA0AukjCZFVoBkEad8nTb-jFLZIs:1
Oi @ J5p182nHknl0hOtxA0AukjCZFVoBkEad8nTb-jFLZIs:1
vi @ J5p182nHknl0hOtxA0AukjCZFVoBkEad8nTb-jFLZIs:1
(anonymous) @ J5p182nHknl0hOtxA0AukjCZFVoBkEad8nTb-jFLZIs:1
t.unstable_runWithPriority @ J5p182nHknl0hOtxA0AukjCZFVoBkEad8nTb-jFLZIs:1
$l @ J5p182nHknl0hOtxA0AukjCZFVoBkEad8nTb-jFLZIs:1
Ql @ J5p182nHknl0hOtxA0AukjCZFVoBkEad8nTb-jFLZIs:1
Hl @ J5p182nHknl0hOtxA0AukjCZFVoBkEad8nTb-jFLZIs:1
fi @ J5p182nHknl0hOtxA0AukjCZFVoBkEad8nTb-jFLZIs:1
No @ J5p182nHknl0hOtxA0AukjCZFVoBkEad8nTb-jFLZIs:1
(anonymous) @ n5UR576GkqiEJF3SNZnN04EwwvXyMi6k_XO4cccdY4s:1
(anonymous) @ n5UR576GkqiEJF3SNZnN04EwwvXyMi6k_XO4cccdY4s:1
(anonymous) @ n5UR576GkqiEJF3SNZnN04EwwvXyMi6k_XO4cccdY4s:1
(index):1 Refused to execute script from 'http://localhost:3000/go/kE2_E_UVdfZvY2oQpRyxkRExiw_0yn08ncOOU6E0bAk' because its MIME type ('text/html') is not executable, and strict MIME type checking is enabled.
guFSBH4CniClEv5Mjw8kzGuXKvbvfKadFWynGNrJBUM:43 [Gateway Bootstrap] Native fetch captured: function
guFSBH4CniClEv5Mjw8kzGuXKvbvfKadFWynGNrJBUM:56 [Gateway Bootstrap] URL spoofed via replaceState to: /embed/q-kf5UPAxyM
guFSBH4CniClEv5Mjw8kzGuXKvbvfKadFWynGNrJBUM:96 [Gateway Bootstrap] Location info spoofed to: https://www.youtube.com
guFSBH4CniClEv5Mjw8kzGuXKvbvfKadFWynGNrJBUM:230 [Gateway Bootstrap] Initializing with: {gatewayBase: 'http://localhost:3000', sessionToken: '...vPOnKvQc', pageToken: '...nGNrJBUM', originalBaseUrl: 'https://www.youtube.com/embed/q-kf5UPAxyM?autoplay…sup=1&aorigins=http%3A%2F%2Flocalhost%3A3000&vf=1'}
guFSBH4CniClEv5Mjw8kzGuXKvbvfKadFWynGNrJBUM:693 [Gateway] Bootstrap loaded
0vAJ6L5VgoiB4XP4MvsJpomdJ_eG09XKmxoEFmVJ4To:107 Uncaught ReferenceError: _yt_player is not defined
    at 0vAJ6L5VgoiB4XP4MvsJpomdJ_eG09XKmxoEFmVJ4To:107:104
(anonymous) @ 0vAJ6L5VgoiB4XP4MvsJpomdJ_eG09XKmxoEFmVJ4To:107
guFSBH4CniClEv5Mjw8kzGuXKvbvfKadFWynGNrJBUM:286 [Gateway DEBUG] [#1] Tokenize START: {url: 'https://googleads.g.doubleclick.net/pagead/id', gatewayBase: 'http://localhost:3000', hasSessionToken: true, hasPageToken: true, pageToken: '...dFWynGNrJBUM'}
guFSBH4CniClEv5Mjw8kzGuXKvbvfKadFWynGNrJBUM:307 [Gateway DEBUG] [#1] Fetching: http://localhost:3000/tokenize
guFSBH4CniClEv5Mjw8kzGuXKvbvfKadFWynGNrJBUM:308 [Gateway DEBUG] [#1] Headers: {"Content-Type":"application/json","Authorization":"Bearer Xd7HNcPJ33fPTVsUQnM5AcPPE1PMLBWZZ0bvPOnKvQc","X-Parent-Token":"guFSBH4CniClEv5Mjw8kzGuXKvbvfKadFWynGNrJBUM"}
guFSBH4CniClEv5Mjw8kzGuXKvbvfKadFWynGNrJBUM:320 [Gateway DEBUG] [#1] Response: {status: 200, statusText: 'OK', ok: true, duration: '6ms', headers: {…}}
guFSBH4CniClEv5Mjw8kzGuXKvbvfKadFWynGNrJBUM:343 [Gateway DEBUG] [#1] Tokenize SUCCESS: {token: '...FQfJf3GcPb44', cached: false, url: 'https://googleads.g.doubleclick.net/pagead/id'}
l7K_zriaDHFfvFuLZKnmIrLPEJ9eMeHtewpa7TmZvjY:286 [Gateway DEBUG] [#9] Tokenize START: {url: 'https://www.googletagmanager.com/gtag/js?id=UA-194931288-6', gatewayBase: 'http://localhost:3000', hasSessionToken: true, hasPageToken: true, pageToken: '...tewpa7TmZvjY'}
l7K_zriaDHFfvFuLZKnmIrLPEJ9eMeHtewpa7TmZvjY:307 [Gateway DEBUG] [#9] Fetching: http://localhost:3000/tokenize
l7K_zriaDHFfvFuLZKnmIrLPEJ9eMeHtewpa7TmZvjY:308 [Gateway DEBUG] [#9] Headers: {"Content-Type":"application/json","Authorization":"Bearer Xd7HNcPJ33fPTVsUQnM5AcPPE1PMLBWZZ0bvPOnKvQc","X-Parent-Token":"l7K_zriaDHFfvFuLZKnmIrLPEJ9eMeHtewpa7TmZvjY"}
l7K_zriaDHFfvFuLZKnmIrLPEJ9eMeHtewpa7TmZvjY:320 [Gateway DEBUG] [#9] Response: {status: 200, statusText: 'OK', ok: true, duration: '4ms', headers: {…}}
l7K_zriaDHFfvFuLZKnmIrLPEJ9eMeHtewpa7TmZvjY:343 [Gateway DEBUG] [#9] Tokenize SUCCESS: {token: '...f0Me18tqOc1E', cached: true, url: 'https://www.googletagmanager.com/gtag/js?id=UA-194931288-6'}
guFSBH4CniClEv5Mjw8kzGuXKvbvfKadFWynGNrJBUM:286 [Gateway DEBUG] [#2] Tokenize START: {url: 'https://jnn-pa.googleapis.com/$rpc/google.internal.waa.v1.Waa/GenerateIT', gatewayBase: 'http://localhost:3000', hasSessionToken: true, hasPageToken: true, pageToken: '...dFWynGNrJBUM'}
guFSBH4CniClEv5Mjw8kzGuXKvbvfKadFWynGNrJBUM:307 [Gateway DEBUG] [#2] Fetching: http://localhost:3000/tokenize
guFSBH4CniClEv5Mjw8kzGuXKvbvfKadFWynGNrJBUM:308 [Gateway DEBUG] [#2] Headers: {"Content-Type":"application/json","Authorization":"Bearer Xd7HNcPJ33fPTVsUQnM5AcPPE1PMLBWZZ0bvPOnKvQc","X-Parent-Token":"guFSBH4CniClEv5Mjw8kzGuXKvbvfKadFWynGNrJBUM"}
guFSBH4CniClEv5Mjw8kzGuXKvbvfKadFWynGNrJBUM:320 [Gateway DEBUG] [#2] Response: {status: 200, statusText: 'OK', ok: true, duration: '5ms', headers: {…}}
guFSBH4CniClEv5Mjw8kzGuXKvbvfKadFWynGNrJBUM:343 [Gateway DEBUG] [#2] Tokenize SUCCESS: {token: '...-qHOJKRMOgQo', cached: false, url: 'https://jnn-pa.googleapis.com/$rpc/google.internal.waa.v1.Wa'}
guFSBH4CniClEv5Mjw8kzGuXKvbvfKadFWynGNrJBUM:557  POST http://localhost:3000/go/DQX2YBA3nmSiaE4rl_vCkgGTE5FMAsb-qHOJKRMOgQo 404 (Not Found)
XMLHttpRequest.send @ guFSBH4CniClEv5Mjw8kzGuXKvbvfKadFWynGNrJBUM:557
await in XMLHttpRequest.send
WA @ 2yoi3jUBH9EryYHjXBqI5-A7tT5N1Zs5WrFCJIgdNxk:1562
il @ 2yoi3jUBH9EryYHjXBqI5-A7tT5N1Zs5WrFCJIgdNxk:1559
hl @ 2yoi3jUBH9EryYHjXBqI5-A7tT5N1Zs5WrFCJIgdNxk:573
await in hl
(anonymous) @ 2yoi3jUBH9EryYHjXBqI5-A7tT5N1Zs5WrFCJIgdNxk:591
Fk.a.xc @ 2yoi3jUBH9EryYHjXBqI5-A7tT5N1Zs5WrFCJIgdNxk:531
Dk @ 2yoi3jUBH9EryYHjXBqI5-A7tT5N1Zs5WrFCJIgdNxk:532
wk @ 2yoi3jUBH9EryYHjXBqI5-A7tT5N1Zs5WrFCJIgdNxk:528
await in wk
Ik @ 2yoi3jUBH9EryYHjXBqI5-A7tT5N1Zs5WrFCJIgdNxk:537
(anonymous) @ 2yoi3jUBH9EryYHjXBqI5-A7tT5N1Zs5WrFCJIgdNxk:1579
bB @ 2yoi3jUBH9EryYHjXBqI5-A7tT5N1Zs5WrFCJIgdNxk:1570
$A @ 2yoi3jUBH9EryYHjXBqI5-A7tT5N1Zs5WrFCJIgdNxk:1569
eB @ 2yoi3jUBH9EryYHjXBqI5-A7tT5N1Zs5WrFCJIgdNxk:1584
(anonymous) @ 2yoi3jUBH9EryYHjXBqI5-A7tT5N1Zs5WrFCJIgdNxk:1702
setTimeout
LC @ 2yoi3jUBH9EryYHjXBqI5-A7tT5N1Zs5WrFCJIgdNxk:1702
(anonymous) @ 2yoi3jUBH9EryYHjXBqI5-A7tT5N1Zs5WrFCJIgdNxk:1714
(anonymous) @ VM2965 q-kf5UPAxyM:1
guFSBH4CniClEv5Mjw8kzGuXKvbvfKadFWynGNrJBUM:230 [Gateway Bootstrap] Cache HIT for: https://jnn-pa.googleapis.com/$rpc/google.internal.waa.v1.Wa
guFSBH4CniClEv5Mjw8kzGuXKvbvfKadFWynGNrJBUM:557  POST http://localhost:3000/go/DQX2YBA3nmSiaE4rl_vCkgGTE5FMAsb-qHOJKRMOgQo 404 (Not Found)
XMLHttpRequest.send @ guFSBH4CniClEv5Mjw8kzGuXKvbvfKadFWynGNrJBUM:557
await in XMLHttpRequest.send
WA @ 2yoi3jUBH9EryYHjXBqI5-A7tT5N1Zs5WrFCJIgdNxk:1562
il @ 2yoi3jUBH9EryYHjXBqI5-A7tT5N1Zs5WrFCJIgdNxk:1559
await in il
hl @ 2yoi3jUBH9EryYHjXBqI5-A7tT5N1Zs5WrFCJIgdNxk:573
await in hl
(anonymous) @ 2yoi3jUBH9EryYHjXBqI5-A7tT5N1Zs5WrFCJIgdNxk:591
Fk.a.xc @ 2yoi3jUBH9EryYHjXBqI5-A7tT5N1Zs5WrFCJIgdNxk:531
Dk @ 2yoi3jUBH9EryYHjXBqI5-A7tT5N1Zs5WrFCJIgdNxk:532
wk @ 2yoi3jUBH9EryYHjXBqI5-A7tT5N1Zs5WrFCJIgdNxk:528
await in wk
Ik @ 2yoi3jUBH9EryYHjXBqI5-A7tT5N1Zs5WrFCJIgdNxk:537
(anonymous) @ 2yoi3jUBH9EryYHjXBqI5-A7tT5N1Zs5WrFCJIgdNxk:1579
bB @ 2yoi3jUBH9EryYHjXBqI5-A7tT5N1Zs5WrFCJIgdNxk:1570
$A @ 2yoi3jUBH9EryYHjXBqI5-A7tT5N1Zs5WrFCJIgdNxk:1569
eB @ 2yoi3jUBH9EryYHjXBqI5-A7tT5N1Zs5WrFCJIgdNxk:1584
(anonymous) @ 2yoi3jUBH9EryYHjXBqI5-A7tT5N1Zs5WrFCJIgdNxk:1702
setTimeout
LC @ 2yoi3jUBH9EryYHjXBqI5-A7tT5N1Zs5WrFCJIgdNxk:1702
(anonymous) @ 2yoi3jUBH9EryYHjXBqI5-A7tT5N1Zs5WrFCJIgdNxk:1714
(anonymous) @ VM2965 q-kf5UPAxyM:1
guFSBH4CniClEv5Mjw8kzGuXKvbvfKadFWynGNrJBUM:230 [Gateway Bootstrap] Cache HIT for: https://jnn-pa.googleapis.com/$rpc/google.internal.waa.v1.Wa
guFSBH4CniClEv5Mjw8kzGuXKvbvfKadFWynGNrJBUM:557  POST http://localhost:3000/go/DQX2YBA3nmSiaE4rl_vCkgGTE5FMAsb-qHOJKRMOgQo 404 (Not Found)
XMLHttpRequest.send @ guFSBH4CniClEv5Mjw8kzGuXKvbvfKadFWynGNrJBUM:557
await in XMLHttpRequest.send
WA @ 2yoi3jUBH9EryYHjXBqI5-A7tT5N1Zs5WrFCJIgdNxk:1562
il @ 2yoi3jUBH9EryYHjXBqI5-A7tT5N1Zs5WrFCJIgdNxk:1559
await in il
hl @ 2yoi3jUBH9EryYHjXBqI5-A7tT5N1Zs5WrFCJIgdNxk:573
await in hl
(anonymous) @ 2yoi3jUBH9EryYHjXBqI5-A7tT5N1Zs5WrFCJIgdNxk:591
Fk.a.xc @ 2yoi3jUBH9EryYHjXBqI5-A7tT5N1Zs5WrFCJIgdNxk:531
Dk @ 2yoi3jUBH9EryYHjXBqI5-A7tT5N1Zs5WrFCJIgdNxk:532
wk @ 2yoi3jUBH9EryYHjXBqI5-A7tT5N1Zs5WrFCJIgdNxk:528
await in wk
Ik @ 2yoi3jUBH9EryYHjXBqI5-A7tT5N1Zs5WrFCJIgdNxk:537
(anonymous) @ 2yoi3jUBH9EryYHjXBqI5-A7tT5N1Zs5WrFCJIgdNxk:1579
bB @ 2yoi3jUBH9EryYHjXBqI5-A7tT5N1Zs5WrFCJIgdNxk:1570
$A @ 2yoi3jUBH9EryYHjXBqI5-A7tT5N1Zs5WrFCJIgdNxk:1569
eB @ 2yoi3jUBH9EryYHjXBqI5-A7tT5N1Zs5WrFCJIgdNxk:1584
(anonymous) @ 2yoi3jUBH9EryYHjXBqI5-A7tT5N1Zs5WrFCJIgdNxk:1702
setTimeout
LC @ 2yoi3jUBH9EryYHjXBqI5-A7tT5N1Zs5WrFCJIgdNxk:1702
(anonymous) @ 2yoi3jUBH9EryYHjXBqI5-A7tT5N1Zs5WrFCJIgdNxk:1714
(anonymous) @ VM2965 q-kf5UPAxyM:1
guFSBH4CniClEv5Mjw8kzGuXKvbvfKadFWynGNrJBUM:230 [Gateway Bootstrap] Cache HIT for: https://jnn-pa.googleapis.com/$rpc/google.internal.waa.v1.Wa
guFSBH4CniClEv5Mjw8kzGuXKvbvfKadFWynGNrJBUM:557  POST http://localhost:3000/go/DQX2YBA3nmSiaE4rl_vCkgGTE5FMAsb-qHOJKRMOgQo 404 (Not Found)
XMLHttpRequest.send @ guFSBH4CniClEv5Mjw8kzGuXKvbvfKadFWynGNrJBUM:557
await in XMLHttpRequest.send
WA @ 2yoi3jUBH9EryYHjXBqI5-A7tT5N1Zs5WrFCJIgdNxk:1562
il @ 2yoi3jUBH9EryYHjXBqI5-A7tT5N1Zs5WrFCJIgdNxk:1559
await in il
hl @ 2yoi3jUBH9EryYHjXBqI5-A7tT5N1Zs5WrFCJIgdNxk:573
await in hl
(anonymous) @ 2yoi3jUBH9EryYHjXBqI5-A7tT5N1Zs5WrFCJIgdNxk:591
Fk.a.xc @ 2yoi3jUBH9EryYHjXBqI5-A7tT5N1Zs5WrFCJIgdNxk:531
Dk @ 2yoi3jUBH9EryYHjXBqI5-A7tT5N1Zs5WrFCJIgdNxk:532
wk @ 2yoi3jUBH9EryYHjXBqI5-A7tT5N1Zs5WrFCJIgdNxk:528
await in wk
Ik @ 2yoi3jUBH9EryYHjXBqI5-A7tT5N1Zs5WrFCJIgdNxk:537
(anonymous) @ 2yoi3jUBH9EryYHjXBqI5-A7tT5N1Zs5WrFCJIgdNxk:1579
bB @ 2yoi3jUBH9EryYHjXBqI5-A7tT5N1Zs5WrFCJIgdNxk:1570
$A @ 2yoi3jUBH9EryYHjXBqI5-A7tT5N1Zs5WrFCJIgdNxk:1569
eB @ 2yoi3jUBH9EryYHjXBqI5-A7tT5N1Zs5WrFCJIgdNxk:1584
(anonymous) @ 2yoi3jUBH9EryYHjXBqI5-A7tT5N1Zs5WrFCJIgdNxk:1702
setTimeout
LC @ 2yoi3jUBH9EryYHjXBqI5-A7tT5N1Zs5WrFCJIgdNxk:1702
(anonymous) @ 2yoi3jUBH9EryYHjXBqI5-A7tT5N1Zs5WrFCJIgdNxk:1714
(anonymous) @ VM2965 q-kf5UPAxyM:1
guFSBH4CniClEv5Mjw8kzGuXKvbvfKadFWynGNrJBUM:286 [Gateway DEBUG] [#3] Tokenize START: {url: 'https://www.youtube.com/youtubei/v1/log_event?alt=json', gatewayBase: 'http://localhost:3000', hasSessionToken: true, hasPageToken: true, pageToken: '...dFWynGNrJBUM'}
guFSBH4CniClEv5Mjw8kzGuXKvbvfKadFWynGNrJBUM:307 [Gateway DEBUG] [#3] Fetching: http://localhost:3000/tokenize
guFSBH4CniClEv5Mjw8kzGuXKvbvfKadFWynGNrJBUM:308 [Gateway DEBUG] [#3] Headers: {"Content-Type":"application/json","Authorization":"Bearer Xd7HNcPJ33fPTVsUQnM5AcPPE1PMLBWZZ0bvPOnKvQc","X-Parent-Token":"guFSBH4CniClEv5Mjw8kzGuXKvbvfKadFWynGNrJBUM"}
guFSBH4CniClEv5Mjw8kzGuXKvbvfKadFWynGNrJBUM:320 [Gateway DEBUG] [#3] Response: {status: 200, statusText: 'OK', ok: true, duration: '10ms', headers: {…}}
guFSBH4CniClEv5Mjw8kzGuXKvbvfKadFWynGNrJBUM:343 [Gateway DEBUG] [#3] Tokenize SUCCESS: {token: '...-2b-bXlnjSig', cached: false, url: 'https://www.youtube.com/youtubei/v1/log_event?alt=json'}
guFSBH4CniClEv5Mjw8kzGuXKvbvfKadFWynGNrJBUM:557  POST http://localhost:3000/go/SENToLuAPwl0Y4hifzG46IL7SzW4nsu-2b-bXlnjSig 403 (Forbidden)
XMLHttpRequest.send @ guFSBH4CniClEv5Mjw8kzGuXKvbvfKadFWynGNrJBUM:557
await in XMLHttpRequest.send
ap @ 2yoi3jUBH9EryYHjXBqI5-A7tT5N1Zs5WrFCJIgdNxk:862
ep @ 2yoi3jUBH9EryYHjXBqI5-A7tT5N1Zs5WrFCJIgdNxk:867
ku @ 2yoi3jUBH9EryYHjXBqI5-A7tT5N1Zs5WrFCJIgdNxk:1178
sendAndWrite @ 2yoi3jUBH9EryYHjXBqI5-A7tT5N1Zs5WrFCJIgdNxk:1111
sendAndWrite @ 2yoi3jUBH9EryYHjXBqI5-A7tT5N1Zs5WrFCJIgdNxk:1174
J @ 9WD5h66g7MS_V4P2uVN69qH4Mka_U2-5ciGaTzFxirI:2093
(anonymous) @ 9WD5h66g7MS_V4P2uVN69qH4Mka_U2-5ciGaTzFxirI:2101
Promise.then
g.rd @ 9WD5h66g7MS_V4P2uVN69qH4Mka_U2-5ciGaTzFxirI:2101
MCj @ 9WD5h66g7MS_V4P2uVN69qH4Mka_U2-5ciGaTzFxirI:2196
LtP @ 9WD5h66g7MS_V4P2uVN69qH4Mka_U2-5ciGaTzFxirI:2187
(anonymous) @ 9WD5h66g7MS_V4P2uVN69qH4Mka_U2-5ciGaTzFxirI:2185
g.UI @ 9WD5h66g7MS_V4P2uVN69qH4Mka_U2-5ciGaTzFxirI:1170
cp @ 9WD5h66g7MS_V4P2uVN69qH4Mka_U2-5ciGaTzFxirI:2185
m @ 9WD5h66g7MS_V4P2uVN69qH4Mka_U2-5ciGaTzFxirI:2188
(anonymous) @ 9WD5h66g7MS_V4P2uVN69qH4Mka_U2-5ciGaTzFxirI:2190
(anonymous) @ 9WD5h66g7MS_V4P2uVN69qH4Mka_U2-5ciGaTzFxirI:1679
setTimeout
g.s7 @ 9WD5h66g7MS_V4P2uVN69qH4Mka_U2-5ciGaTzFxirI:1704
Wl @ 9WD5h66g7MS_V4P2uVN69qH4Mka_U2-5ciGaTzFxirI:2215
l4P @ 9WD5h66g7MS_V4P2uVN69qH4Mka_U2-5ciGaTzFxirI:2190
Q2G @ 9WD5h66g7MS_V4P2uVN69qH4Mka_U2-5ciGaTzFxirI:2181
X6Q @ 9WD5h66g7MS_V4P2uVN69qH4Mka_U2-5ciGaTzFxirI:2178
T$ @ 9WD5h66g7MS_V4P2uVN69qH4Mka_U2-5ciGaTzFxirI:2227
g.qd @ 9WD5h66g7MS_V4P2uVN69qH4Mka_U2-5ciGaTzFxirI:2229
pG.tick @ 9WD5h66g7MS_V4P2uVN69qH4Mka_U2-5ciGaTzFxirI:9117
OY @ 9WD5h66g7MS_V4P2uVN69qH4Mka_U2-5ciGaTzFxirI:2554
(anonymous) @ 9WD5h66g7MS_V4P2uVN69qH4Mka_U2-5ciGaTzFxirI:1679
UY @ 9WD5h66g7MS_V4P2uVN69qH4Mka_U2-5ciGaTzFxirI:2580
bB @ 2yoi3jUBH9EryYHjXBqI5-A7tT5N1Zs5WrFCJIgdNxk:1570
$A @ 2yoi3jUBH9EryYHjXBqI5-A7tT5N1Zs5WrFCJIgdNxk:1569
eB @ 2yoi3jUBH9EryYHjXBqI5-A7tT5N1Zs5WrFCJIgdNxk:1584
(anonymous) @ 2yoi3jUBH9EryYHjXBqI5-A7tT5N1Zs5WrFCJIgdNxk:1702
setTimeout
LC @ 2yoi3jUBH9EryYHjXBqI5-A7tT5N1Zs5WrFCJIgdNxk:1702
(anonymous) @ 2yoi3jUBH9EryYHjXBqI5-A7tT5N1Zs5WrFCJIgdNxk:1714
(anonymous) @ VM2965 q-kf5UPAxyM:1
guFSBH4CniClEv5Mjw8kzGuXKvbvfKadFWynGNrJBUM:230 [Gateway Bootstrap] Cache HIT for: https://jnn-pa.googleapis.com/$rpc/google.internal.waa.v1.Wa
guFSBH4CniClEv5Mjw8kzGuXKvbvfKadFWynGNrJBUM:557  POST http://localhost:3000/go/DQX2YBA3nmSiaE4rl_vCkgGTE5FMAsb-qHOJKRMOgQo 404 (Not Found)
XMLHttpRequest.send @ guFSBH4CniClEv5Mjw8kzGuXKvbvfKadFWynGNrJBUM:557
await in XMLHttpRequest.send
WA @ 2yoi3jUBH9EryYHjXBqI5-A7tT5N1Zs5WrFCJIgdNxk:1562
il @ 2yoi3jUBH9EryYHjXBqI5-A7tT5N1Zs5WrFCJIgdNxk:1559
await in il
hl @ 2yoi3jUBH9EryYHjXBqI5-A7tT5N1Zs5WrFCJIgdNxk:573
await in hl
(anonymous) @ 2yoi3jUBH9EryYHjXBqI5-A7tT5N1Zs5WrFCJIgdNxk:591
Fk.a.xc @ 2yoi3jUBH9EryYHjXBqI5-A7tT5N1Zs5WrFCJIgdNxk:531
Dk @ 2yoi3jUBH9EryYHjXBqI5-A7tT5N1Zs5WrFCJIgdNxk:532
wk @ 2yoi3jUBH9EryYHjXBqI5-A7tT5N1Zs5WrFCJIgdNxk:528
await in wk
Ik @ 2yoi3jUBH9EryYHjXBqI5-A7tT5N1Zs5WrFCJIgdNxk:537
(anonymous) @ 2yoi3jUBH9EryYHjXBqI5-A7tT5N1Zs5WrFCJIgdNxk:1579
bB @ 2yoi3jUBH9EryYHjXBqI5-A7tT5N1Zs5WrFCJIgdNxk:1570
$A @ 2yoi3jUBH9EryYHjXBqI5-A7tT5N1Zs5WrFCJIgdNxk:1569
eB @ 2yoi3jUBH9EryYHjXBqI5-A7tT5N1Zs5WrFCJIgdNxk:1584
(anonymous) @ 2yoi3jUBH9EryYHjXBqI5-A7tT5N1Zs5WrFCJIgdNxk:1702
setTimeout
LC @ 2yoi3jUBH9EryYHjXBqI5-A7tT5N1Zs5WrFCJIgdNxk:1702
(anonymous) @ 2yoi3jUBH9EryYHjXBqI5-A7tT5N1Zs5WrFCJIgdNxk:1714
(anonymous) @ VM2965 q-kf5UPAxyM:1
v0avYINSWscyaIbuQNBKUjb2RoDbbqQxaB61KtGEc6Q:1  GET http://localhost:3000/_next/static/chunks/pages/products/buy-sell-7ab2e85991afd13f.js net::ERR_ABORTED 404 (Not Found)
(anonymous) @ v0avYINSWscyaIbuQNBKUjb2RoDbbqQxaB61KtGEc6Q:1
(anonymous) @ v0avYINSWscyaIbuQNBKUjb2RoDbbqQxaB61KtGEc6Q:1
(anonymous) @ v0avYINSWscyaIbuQNBKUjb2RoDbbqQxaB61KtGEc6Q:1
Promise.then
prefetch @ v0avYINSWscyaIbuQNBKUjb2RoDbbqQxaB61KtGEc6Q:1
value @ v0avYINSWscyaIbuQNBKUjb2RoDbbqQxaB61KtGEc6Q:1
(anonymous) @ v0avYINSWscyaIbuQNBKUjb2RoDbbqQxaB61KtGEc6Q:1
s @ v0avYINSWscyaIbuQNBKUjb2RoDbbqQxaB61KtGEc6Q:1
(anonymous) @ v0avYINSWscyaIbuQNBKUjb2RoDbbqQxaB61KtGEc6Q:1
P.forEach.e.<computed> @ v0avYINSWscyaIbuQNBKUjb2RoDbbqQxaB61KtGEc6Q:1
i @ v0avYINSWscyaIbuQNBKUjb2RoDbbqQxaB61KtGEc6Q:1
u @ v0avYINSWscyaIbuQNBKUjb2RoDbbqQxaB61KtGEc6Q:1
Promise.then
i @ v0avYINSWscyaIbuQNBKUjb2RoDbbqQxaB61KtGEc6Q:1
u @ v0avYINSWscyaIbuQNBKUjb2RoDbbqQxaB61KtGEc6Q:1
Promise.then
i @ v0avYINSWscyaIbuQNBKUjb2RoDbbqQxaB61KtGEc6Q:1
u @ v0avYINSWscyaIbuQNBKUjb2RoDbbqQxaB61KtGEc6Q:1
(anonymous) @ v0avYINSWscyaIbuQNBKUjb2RoDbbqQxaB61KtGEc6Q:1
(anonymous) @ v0avYINSWscyaIbuQNBKUjb2RoDbbqQxaB61KtGEc6Q:1
value @ v0avYINSWscyaIbuQNBKUjb2RoDbbqQxaB61KtGEc6Q:1
m.forEach.r.<computed> @ v0avYINSWscyaIbuQNBKUjb2RoDbbqQxaB61KtGEc6Q:1
l @ hkZYZfy4LkKMBXSv0u0i-5JqKSq2tPVWYAHcDoZusmA:1
(anonymous) @ hkZYZfy4LkKMBXSv0u0i-5JqKSq2tPVWYAHcDoZusmA:1
Fi @ J5p182nHknl0hOtxA0AukjCZFVoBkEad8nTb-jFLZIs:1
t.unstable_runWithPriority @ J5p182nHknl0hOtxA0AukjCZFVoBkEad8nTb-jFLZIs:1
$l @ J5p182nHknl0hOtxA0AukjCZFVoBkEad8nTb-jFLZIs:1
Oi @ J5p182nHknl0hOtxA0AukjCZFVoBkEad8nTb-jFLZIs:1
vi @ J5p182nHknl0hOtxA0AukjCZFVoBkEad8nTb-jFLZIs:1
(anonymous) @ J5p182nHknl0hOtxA0AukjCZFVoBkEad8nTb-jFLZIs:1
t.unstable_runWithPriority @ J5p182nHknl0hOtxA0AukjCZFVoBkEad8nTb-jFLZIs:1
$l @ J5p182nHknl0hOtxA0AukjCZFVoBkEad8nTb-jFLZIs:1
Ql @ J5p182nHknl0hOtxA0AukjCZFVoBkEad8nTb-jFLZIs:1
Hl @ J5p182nHknl0hOtxA0AukjCZFVoBkEad8nTb-jFLZIs:1
fi @ J5p182nHknl0hOtxA0AukjCZFVoBkEad8nTb-jFLZIs:1
No @ J5p182nHknl0hOtxA0AukjCZFVoBkEad8nTb-jFLZIs:1
(anonymous) @ n5UR576GkqiEJF3SNZnN04EwwvXyMi6k_XO4cccdY4s:1
(anonymous) @ n5UR576GkqiEJF3SNZnN04EwwvXyMi6k_XO4cccdY4s:1
(anonymous) @ n5UR576GkqiEJF3SNZnN04EwwvXyMi6k_XO4cccdY4s:1
v0avYINSWscyaIbuQNBKUjb2RoDbbqQxaB61KtGEc6Q:1  GET http://localhost:3000/_next/static/chunks/pages/products/earn-042382f577766bff.js net::ERR_ABORTED 404 (Not Found)
(anonymous) @ v0avYINSWscyaIbuQNBKUjb2RoDbbqQxaB61KtGEc6Q:1
(anonymous) @ v0avYINSWscyaIbuQNBKUjb2RoDbbqQxaB61KtGEc6Q:1
(anonymous) @ v0avYINSWscyaIbuQNBKUjb2RoDbbqQxaB61KtGEc6Q:1
Promise.then
prefetch @ v0avYINSWscyaIbuQNBKUjb2RoDbbqQxaB61KtGEc6Q:1
value @ v0avYINSWscyaIbuQNBKUjb2RoDbbqQxaB61KtGEc6Q:1
(anonymous) @ v0avYINSWscyaIbuQNBKUjb2RoDbbqQxaB61KtGEc6Q:1
s @ v0avYINSWscyaIbuQNBKUjb2RoDbbqQxaB61KtGEc6Q:1
(anonymous) @ v0avYINSWscyaIbuQNBKUjb2RoDbbqQxaB61KtGEc6Q:1
P.forEach.e.<computed> @ v0avYINSWscyaIbuQNBKUjb2RoDbbqQxaB61KtGEc6Q:1
i @ v0avYINSWscyaIbuQNBKUjb2RoDbbqQxaB61KtGEc6Q:1
u @ v0avYINSWscyaIbuQNBKUjb2RoDbbqQxaB61KtGEc6Q:1
Promise.then
i @ v0avYINSWscyaIbuQNBKUjb2RoDbbqQxaB61KtGEc6Q:1
u @ v0avYINSWscyaIbuQNBKUjb2RoDbbqQxaB61KtGEc6Q:1
Promise.then
i @ v0avYINSWscyaIbuQNBKUjb2RoDbbqQxaB61KtGEc6Q:1
u @ v0avYINSWscyaIbuQNBKUjb2RoDbbqQxaB61KtGEc6Q:1
(anonymous) @ v0avYINSWscyaIbuQNBKUjb2RoDbbqQxaB61KtGEc6Q:1
(anonymous) @ v0avYINSWscyaIbuQNBKUjb2RoDbbqQxaB61KtGEc6Q:1
value @ v0avYINSWscyaIbuQNBKUjb2RoDbbqQxaB61KtGEc6Q:1
m.forEach.r.<computed> @ v0avYINSWscyaIbuQNBKUjb2RoDbbqQxaB61KtGEc6Q:1
l @ hkZYZfy4LkKMBXSv0u0i-5JqKSq2tPVWYAHcDoZusmA:1
(anonymous) @ hkZYZfy4LkKMBXSv0u0i-5JqKSq2tPVWYAHcDoZusmA:1
Fi @ J5p182nHknl0hOtxA0AukjCZFVoBkEad8nTb-jFLZIs:1
t.unstable_runWithPriority @ J5p182nHknl0hOtxA0AukjCZFVoBkEad8nTb-jFLZIs:1
$l @ J5p182nHknl0hOtxA0AukjCZFVoBkEad8nTb-jFLZIs:1
Oi @ J5p182nHknl0hOtxA0AukjCZFVoBkEad8nTb-jFLZIs:1
vi @ J5p182nHknl0hOtxA0AukjCZFVoBkEad8nTb-jFLZIs:1
(anonymous) @ J5p182nHknl0hOtxA0AukjCZFVoBkEad8nTb-jFLZIs:1
t.unstable_runWithPriority @ J5p182nHknl0hOtxA0AukjCZFVoBkEad8nTb-jFLZIs:1
$l @ J5p182nHknl0hOtxA0AukjCZFVoBkEad8nTb-jFLZIs:1
Ql @ J5p182nHknl0hOtxA0AukjCZFVoBkEad8nTb-jFLZIs:1
Hl @ J5p182nHknl0hOtxA0AukjCZFVoBkEad8nTb-jFLZIs:1
fi @ J5p182nHknl0hOtxA0AukjCZFVoBkEad8nTb-jFLZIs:1
No @ J5p182nHknl0hOtxA0AukjCZFVoBkEad8nTb-jFLZIs:1
(anonymous) @ n5UR576GkqiEJF3SNZnN04EwwvXyMi6k_XO4cccdY4s:1
(anonymous) @ n5UR576GkqiEJF3SNZnN04EwwvXyMi6k_XO4cccdY4s:1
(anonymous) @ n5UR576GkqiEJF3SNZnN04EwwvXyMi6k_XO4cccdY4s:1
v0avYINSWscyaIbuQNBKUjb2RoDbbqQxaB61KtGEc6Q:1  GET http://localhost:3000/_next/static/chunks/pages/products/membership-c2e901acc0fd4b96.js net::ERR_ABORTED 404 (Not Found)
(anonymous) @ v0avYINSWscyaIbuQNBKUjb2RoDbbqQxaB61KtGEc6Q:1
(anonymous) @ v0avYINSWscyaIbuQNBKUjb2RoDbbqQxaB61KtGEc6Q:1
(anonymous) @ v0avYINSWscyaIbuQNBKUjb2RoDbbqQxaB61KtGEc6Q:1
Promise.then
prefetch @ v0avYINSWscyaIbuQNBKUjb2RoDbbqQxaB61KtGEc6Q:1
value @ v0avYINSWscyaIbuQNBKUjb2RoDbbqQxaB61KtGEc6Q:1
(anonymous) @ v0avYINSWscyaIbuQNBKUjb2RoDbbqQxaB61KtGEc6Q:1
s @ v0avYINSWscyaIbuQNBKUjb2RoDbbqQxaB61KtGEc6Q:1
(anonymous) @ v0avYINSWscyaIbuQNBKUjb2RoDbbqQxaB61KtGEc6Q:1
P.forEach.e.<computed> @ v0avYINSWscyaIbuQNBKUjb2RoDbbqQxaB61KtGEc6Q:1
i @ v0avYINSWscyaIbuQNBKUjb2RoDbbqQxaB61KtGEc6Q:1
u @ v0avYINSWscyaIbuQNBKUjb2RoDbbqQxaB61KtGEc6Q:1
Promise.then
i @ v0avYINSWscyaIbuQNBKUjb2RoDbbqQxaB61KtGEc6Q:1
u @ v0avYINSWscyaIbuQNBKUjb2RoDbbqQxaB61KtGEc6Q:1
Promise.then
i @ v0avYINSWscyaIbuQNBKUjb2RoDbbqQxaB61KtGEc6Q:1
u @ v0avYINSWscyaIbuQNBKUjb2RoDbbqQxaB61KtGEc6Q:1
(anonymous) @ v0avYINSWscyaIbuQNBKUjb2RoDbbqQxaB61KtGEc6Q:1
(anonymous) @ v0avYINSWscyaIbuQNBKUjb2RoDbbqQxaB61KtGEc6Q:1
value @ v0avYINSWscyaIbuQNBKUjb2RoDbbqQxaB61KtGEc6Q:1
m.forEach.r.<computed> @ v0avYINSWscyaIbuQNBKUjb2RoDbbqQxaB61KtGEc6Q:1
l @ hkZYZfy4LkKMBXSv0u0i-5JqKSq2tPVWYAHcDoZusmA:1
(anonymous) @ hkZYZfy4LkKMBXSv0u0i-5JqKSq2tPVWYAHcDoZusmA:1
Fi @ J5p182nHknl0hOtxA0AukjCZFVoBkEad8nTb-jFLZIs:1
t.unstable_runWithPriority @ J5p182nHknl0hOtxA0AukjCZFVoBkEad8nTb-jFLZIs:1
$l @ J5p182nHknl0hOtxA0AukjCZFVoBkEad8nTb-jFLZIs:1
Oi @ J5p182nHknl0hOtxA0AukjCZFVoBkEad8nTb-jFLZIs:1
(anonymous) @ J5p182nHknl0hOtxA0AukjCZFVoBkEad8nTb-jFLZIs:1
I @ J5p182nHknl0hOtxA0AukjCZFVoBkEad8nTb-jFLZIs:1
w.port1.onmessage @ J5p182nHknl0hOtxA0AukjCZFVoBkEad8nTb-jFLZIs:1
v0avYINSWscyaIbuQNBKUjb2RoDbbqQxaB61KtGEc6Q:1  GET http://localhost:3000/_next/static/chunks/294-1701b1a71d58a9d9.js net::ERR_ABORTED 404 (Not Found)
(anonymous) @ v0avYINSWscyaIbuQNBKUjb2RoDbbqQxaB61KtGEc6Q:1
(anonymous) @ v0avYINSWscyaIbuQNBKUjb2RoDbbqQxaB61KtGEc6Q:1
t @ v0avYINSWscyaIbuQNBKUjb2RoDbbqQxaB61KtGEc6Q:1
(anonymous) @ v0avYINSWscyaIbuQNBKUjb2RoDbbqQxaB61KtGEc6Q:1
Promise.then
(anonymous) @ v0avYINSWscyaIbuQNBKUjb2RoDbbqQxaB61KtGEc6Q:1
i @ v0avYINSWscyaIbuQNBKUjb2RoDbbqQxaB61KtGEc6Q:1
loadRoute @ v0avYINSWscyaIbuQNBKUjb2RoDbbqQxaB61KtGEc6Q:1
value @ v0avYINSWscyaIbuQNBKUjb2RoDbbqQxaB61KtGEc6Q:1
(anonymous) @ v0avYINSWscyaIbuQNBKUjb2RoDbbqQxaB61KtGEc6Q:1
s @ v0avYINSWscyaIbuQNBKUjb2RoDbbqQxaB61KtGEc6Q:1
(anonymous) @ v0avYINSWscyaIbuQNBKUjb2RoDbbqQxaB61KtGEc6Q:1
P.forEach.e.<computed> @ v0avYINSWscyaIbuQNBKUjb2RoDbbqQxaB61KtGEc6Q:1
i @ v0avYINSWscyaIbuQNBKUjb2RoDbbqQxaB61KtGEc6Q:1
u @ v0avYINSWscyaIbuQNBKUjb2RoDbbqQxaB61KtGEc6Q:1
Promise.then
i @ v0avYINSWscyaIbuQNBKUjb2RoDbbqQxaB61KtGEc6Q:1
u @ v0avYINSWscyaIbuQNBKUjb2RoDbbqQxaB61KtGEc6Q:1
Promise.then
i @ v0avYINSWscyaIbuQNBKUjb2RoDbbqQxaB61KtGEc6Q:1
u @ v0avYINSWscyaIbuQNBKUjb2RoDbbqQxaB61KtGEc6Q:1
(anonymous) @ v0avYINSWscyaIbuQNBKUjb2RoDbbqQxaB61KtGEc6Q:1
(anonymous) @ v0avYINSWscyaIbuQNBKUjb2RoDbbqQxaB61KtGEc6Q:1
value @ v0avYINSWscyaIbuQNBKUjb2RoDbbqQxaB61KtGEc6Q:1
m.forEach.r.<computed> @ v0avYINSWscyaIbuQNBKUjb2RoDbbqQxaB61KtGEc6Q:1
l @ hkZYZfy4LkKMBXSv0u0i-5JqKSq2tPVWYAHcDoZusmA:1
onMouseEnter @ hkZYZfy4LkKMBXSv0u0i-5JqKSq2tPVWYAHcDoZusmA:1
$e @ J5p182nHknl0hOtxA0AukjCZFVoBkEad8nTb-jFLZIs:1
Ye @ J5p182nHknl0hOtxA0AukjCZFVoBkEad8nTb-jFLZIs:1
(anonymous) @ J5p182nHknl0hOtxA0AukjCZFVoBkEad8nTb-jFLZIs:1
xr @ J5p182nHknl0hOtxA0AukjCZFVoBkEad8nTb-jFLZIs:1
Cr @ J5p182nHknl0hOtxA0AukjCZFVoBkEad8nTb-jFLZIs:1
(anonymous) @ J5p182nHknl0hOtxA0AukjCZFVoBkEad8nTb-jFLZIs:1
Ie @ J5p182nHknl0hOtxA0AukjCZFVoBkEad8nTb-jFLZIs:1
(anonymous) @ J5p182nHknl0hOtxA0AukjCZFVoBkEad8nTb-jFLZIs:1
Or @ J5p182nHknl0hOtxA0AukjCZFVoBkEad8nTb-jFLZIs:1
Jt @ J5p182nHknl0hOtxA0AukjCZFVoBkEad8nTb-jFLZIs:1
Zt @ J5p182nHknl0hOtxA0AukjCZFVoBkEad8nTb-jFLZIs:1
t.unstable_runWithPriority @ J5p182nHknl0hOtxA0AukjCZFVoBkEad8nTb-jFLZIs:1
Gt @ J5p182nHknl0hOtxA0AukjCZFVoBkEad8nTb-jFLZIs:1
v0avYINSWscyaIbuQNBKUjb2RoDbbqQxaB61KtGEc6Q:1  GET http://localhost:3000/_next/static/chunks/239-d6be64e084e0072b.js net::ERR_ABORTED 404 (Not Found)
(anonymous) @ v0avYINSWscyaIbuQNBKUjb2RoDbbqQxaB61KtGEc6Q:1
(anonymous) @ v0avYINSWscyaIbuQNBKUjb2RoDbbqQxaB61KtGEc6Q:1
t @ v0avYINSWscyaIbuQNBKUjb2RoDbbqQxaB61KtGEc6Q:1
(anonymous) @ v0avYINSWscyaIbuQNBKUjb2RoDbbqQxaB61KtGEc6Q:1
Promise.then
(anonymous) @ v0avYINSWscyaIbuQNBKUjb2RoDbbqQxaB61KtGEc6Q:1
i @ v0avYINSWscyaIbuQNBKUjb2RoDbbqQxaB61KtGEc6Q:1
loadRoute @ v0avYINSWscyaIbuQNBKUjb2RoDbbqQxaB61KtGEc6Q:1
value @ v0avYINSWscyaIbuQNBKUjb2RoDbbqQxaB61KtGEc6Q:1
(anonymous) @ v0avYINSWscyaIbuQNBKUjb2RoDbbqQxaB61KtGEc6Q:1
s @ v0avYINSWscyaIbuQNBKUjb2RoDbbqQxaB61KtGEc6Q:1
(anonymous) @ v0avYINSWscyaIbuQNBKUjb2RoDbbqQxaB61KtGEc6Q:1
P.forEach.e.<computed> @ v0avYINSWscyaIbuQNBKUjb2RoDbbqQxaB61KtGEc6Q:1
i @ v0avYINSWscyaIbuQNBKUjb2RoDbbqQxaB61KtGEc6Q:1
u @ v0avYINSWscyaIbuQNBKUjb2RoDbbqQxaB61KtGEc6Q:1
Promise.then
i @ v0avYINSWscyaIbuQNBKUjb2RoDbbqQxaB61KtGEc6Q:1
u @ v0avYINSWscyaIbuQNBKUjb2RoDbbqQxaB61KtGEc6Q:1
Promise.then
i @ v0avYINSWscyaIbuQNBKUjb2RoDbbqQxaB61KtGEc6Q:1
u @ v0avYINSWscyaIbuQNBKUjb2RoDbbqQxaB61KtGEc6Q:1
(anonymous) @ v0avYINSWscyaIbuQNBKUjb2RoDbbqQxaB61KtGEc6Q:1
(anonymous) @ v0avYINSWscyaIbuQNBKUjb2RoDbbqQxaB61KtGEc6Q:1
value @ v0avYINSWscyaIbuQNBKUjb2RoDbbqQxaB61KtGEc6Q:1
m.forEach.r.<computed> @ v0avYINSWscyaIbuQNBKUjb2RoDbbqQxaB61KtGEc6Q:1
l @ hkZYZfy4LkKMBXSv0u0i-5JqKSq2tPVWYAHcDoZusmA:1
onMouseEnter @ hkZYZfy4LkKMBXSv0u0i-5JqKSq2tPVWYAHcDoZusmA:1
$e @ J5p182nHknl0hOtxA0AukjCZFVoBkEad8nTb-jFLZIs:1
Ye @ J5p182nHknl0hOtxA0AukjCZFVoBkEad8nTb-jFLZIs:1
(anonymous) @ J5p182nHknl0hOtxA0AukjCZFVoBkEad8nTb-jFLZIs:1
xr @ J5p182nHknl0hOtxA0AukjCZFVoBkEad8nTb-jFLZIs:1
Cr @ J5p182nHknl0hOtxA0AukjCZFVoBkEad8nTb-jFLZIs:1
(anonymous) @ J5p182nHknl0hOtxA0AukjCZFVoBkEad8nTb-jFLZIs:1
Ie @ J5p182nHknl0hOtxA0AukjCZFVoBkEad8nTb-jFLZIs:1
(anonymous) @ J5p182nHknl0hOtxA0AukjCZFVoBkEad8nTb-jFLZIs:1
Or @ J5p182nHknl0hOtxA0AukjCZFVoBkEad8nTb-jFLZIs:1
Jt @ J5p182nHknl0hOtxA0AukjCZFVoBkEad8nTb-jFLZIs:1
Zt @ J5p182nHknl0hOtxA0AukjCZFVoBkEad8nTb-jFLZIs:1
t.unstable_runWithPriority @ J5p182nHknl0hOtxA0AukjCZFVoBkEad8nTb-jFLZIs:1
Gt @ J5p182nHknl0hOtxA0AukjCZFVoBkEad8nTb-jFLZIs:1
v0avYINSWscyaIbuQNBKUjb2RoDbbqQxaB61KtGEc6Q:1  GET http://localhost:3000/_next/static/chunks/669-434db596a88142c2.js net::ERR_ABORTED 404 (Not Found)
(anonymous) @ v0avYINSWscyaIbuQNBKUjb2RoDbbqQxaB61KtGEc6Q:1
(anonymous) @ v0avYINSWscyaIbuQNBKUjb2RoDbbqQxaB61KtGEc6Q:1
t @ v0avYINSWscyaIbuQNBKUjb2RoDbbqQxaB61KtGEc6Q:1
(anonymous) @ v0avYINSWscyaIbuQNBKUjb2RoDbbqQxaB61KtGEc6Q:1
Promise.then
(anonymous) @ v0avYINSWscyaIbuQNBKUjb2RoDbbqQxaB61KtGEc6Q:1
i @ v0avYINSWscyaIbuQNBKUjb2RoDbbqQxaB61KtGEc6Q:1
loadRoute @ v0avYINSWscyaIbuQNBKUjb2RoDbbqQxaB61KtGEc6Q:1
value @ v0avYINSWscyaIbuQNBKUjb2RoDbbqQxaB61KtGEc6Q:1
(anonymous) @ v0avYINSWscyaIbuQNBKUjb2RoDbbqQxaB61KtGEc6Q:1
s @ v0avYINSWscyaIbuQNBKUjb2RoDbbqQxaB61KtGEc6Q:1
(anonymous) @ v0avYINSWscyaIbuQNBKUjb2RoDbbqQxaB61KtGEc6Q:1
P.forEach.e.<computed> @ v0avYINSWscyaIbuQNBKUjb2RoDbbqQxaB61KtGEc6Q:1
i @ v0avYINSWscyaIbuQNBKUjb2RoDbbqQxaB61KtGEc6Q:1
u @ v0avYINSWscyaIbuQNBKUjb2RoDbbqQxaB61KtGEc6Q:1
Promise.then
i @ v0avYINSWscyaIbuQNBKUjb2RoDbbqQxaB61KtGEc6Q:1
u @ v0avYINSWscyaIbuQNBKUjb2RoDbbqQxaB61KtGEc6Q:1
Promise.then
i @ v0avYINSWscyaIbuQNBKUjb2RoDbbqQxaB61KtGEc6Q:1
u @ v0avYINSWscyaIbuQNBKUjb2RoDbbqQxaB61KtGEc6Q:1
(anonymous) @ v0avYINSWscyaIbuQNBKUjb2RoDbbqQxaB61KtGEc6Q:1
(anonymous) @ v0avYINSWscyaIbuQNBKUjb2RoDbbqQxaB61KtGEc6Q:1
value @ v0avYINSWscyaIbuQNBKUjb2RoDbbqQxaB61KtGEc6Q:1
m.forEach.r.<computed> @ v0avYINSWscyaIbuQNBKUjb2RoDbbqQxaB61KtGEc6Q:1
l @ hkZYZfy4LkKMBXSv0u0i-5JqKSq2tPVWYAHcDoZusmA:1
onMouseEnter @ hkZYZfy4LkKMBXSv0u0i-5JqKSq2tPVWYAHcDoZusmA:1
$e @ J5p182nHknl0hOtxA0AukjCZFVoBkEad8nTb-jFLZIs:1
Ye @ J5p182nHknl0hOtxA0AukjCZFVoBkEad8nTb-jFLZIs:1
(anonymous) @ J5p182nHknl0hOtxA0AukjCZFVoBkEad8nTb-jFLZIs:1
xr @ J5p182nHknl0hOtxA0AukjCZFVoBkEad8nTb-jFLZIs:1
Cr @ J5p182nHknl0hOtxA0AukjCZFVoBkEad8nTb-jFLZIs:1
(anonymous) @ J5p182nHknl0hOtxA0AukjCZFVoBkEad8nTb-jFLZIs:1
Ie @ J5p182nHknl0hOtxA0AukjCZFVoBkEad8nTb-jFLZIs:1
(anonymous) @ J5p182nHknl0hOtxA0AukjCZFVoBkEad8nTb-jFLZIs:1
Or @ J5p182nHknl0hOtxA0AukjCZFVoBkEad8nTb-jFLZIs:1
Jt @ J5p182nHknl0hOtxA0AukjCZFVoBkEad8nTb-jFLZIs:1
Zt @ J5p182nHknl0hOtxA0AukjCZFVoBkEad8nTb-jFLZIs:1
t.unstable_runWithPriority @ J5p182nHknl0hOtxA0AukjCZFVoBkEad8nTb-jFLZIs:1
Gt @ J5p182nHknl0hOtxA0AukjCZFVoBkEad8nTb-jFLZIs:1
v0avYINSWscyaIbuQNBKUjb2RoDbbqQxaB61KtGEc6Q:1  GET http://localhost:3000/_next/static/chunks/261-f82d1287ac1962da.js net::ERR_ABORTED 404 (Not Found)
(anonymous) @ v0avYINSWscyaIbuQNBKUjb2RoDbbqQxaB61KtGEc6Q:1
(anonymous) @ v0avYINSWscyaIbuQNBKUjb2RoDbbqQxaB61KtGEc6Q:1
t @ v0avYINSWscyaIbuQNBKUjb2RoDbbqQxaB61KtGEc6Q:1
(anonymous) @ v0avYINSWscyaIbuQNBKUjb2RoDbbqQxaB61KtGEc6Q:1
Promise.then
(anonymous) @ v0avYINSWscyaIbuQNBKUjb2RoDbbqQxaB61KtGEc6Q:1
i @ v0avYINSWscyaIbuQNBKUjb2RoDbbqQxaB61KtGEc6Q:1
loadRoute @ v0avYINSWscyaIbuQNBKUjb2RoDbbqQxaB61KtGEc6Q:1
value @ v0avYINSWscyaIbuQNBKUjb2RoDbbqQxaB61KtGEc6Q:1
(anonymous) @ v0avYINSWscyaIbuQNBKUjb2RoDbbqQxaB61KtGEc6Q:1
s @ v0avYINSWscyaIbuQNBKUjb2RoDbbqQxaB61KtGEc6Q:1
(anonymous) @ v0avYINSWscyaIbuQNBKUjb2RoDbbqQxaB61KtGEc6Q:1
P.forEach.e.<computed> @ v0avYINSWscyaIbuQNBKUjb2RoDbbqQxaB61KtGEc6Q:1
i @ v0avYINSWscyaIbuQNBKUjb2RoDbbqQxaB61KtGEc6Q:1
u @ v0avYINSWscyaIbuQNBKUjb2RoDbbqQxaB61KtGEc6Q:1
Promise.then
i @ v0avYINSWscyaIbuQNBKUjb2RoDbbqQxaB61KtGEc6Q:1
u @ v0avYINSWscyaIbuQNBKUjb2RoDbbqQxaB61KtGEc6Q:1
Promise.then
i @ v0avYINSWscyaIbuQNBKUjb2RoDbbqQxaB61KtGEc6Q:1
u @ v0avYINSWscyaIbuQNBKUjb2RoDbbqQxaB61KtGEc6Q:1
(anonymous) @ v0avYINSWscyaIbuQNBKUjb2RoDbbqQxaB61KtGEc6Q:1
(anonymous) @ v0avYINSWscyaIbuQNBKUjb2RoDbbqQxaB61KtGEc6Q:1
value @ v0avYINSWscyaIbuQNBKUjb2RoDbbqQxaB61KtGEc6Q:1
m.forEach.r.<computed> @ v0avYINSWscyaIbuQNBKUjb2RoDbbqQxaB61KtGEc6Q:1
l @ hkZYZfy4LkKMBXSv0u0i-5JqKSq2tPVWYAHcDoZusmA:1
onMouseEnter @ hkZYZfy4LkKMBXSv0u0i-5JqKSq2tPVWYAHcDoZusmA:1
$e @ J5p182nHknl0hOtxA0AukjCZFVoBkEad8nTb-jFLZIs:1
Ye @ J5p182nHknl0hOtxA0AukjCZFVoBkEad8nTb-jFLZIs:1
(anonymous) @ J5p182nHknl0hOtxA0AukjCZFVoBkEad8nTb-jFLZIs:1
xr @ J5p182nHknl0hOtxA0AukjCZFVoBkEad8nTb-jFLZIs:1
Cr @ J5p182nHknl0hOtxA0AukjCZFVoBkEad8nTb-jFLZIs:1
(anonymous) @ J5p182nHknl0hOtxA0AukjCZFVoBkEad8nTb-jFLZIs:1
Ie @ J5p182nHknl0hOtxA0AukjCZFVoBkEad8nTb-jFLZIs:1
(anonymous) @ J5p182nHknl0hOtxA0AukjCZFVoBkEad8nTb-jFLZIs:1
Or @ J5p182nHknl0hOtxA0AukjCZFVoBkEad8nTb-jFLZIs:1
Jt @ J5p182nHknl0hOtxA0AukjCZFVoBkEad8nTb-jFLZIs:1
Zt @ J5p182nHknl0hOtxA0AukjCZFVoBkEad8nTb-jFLZIs:1
t.unstable_runWithPriority @ J5p182nHknl0hOtxA0AukjCZFVoBkEad8nTb-jFLZIs:1
Gt @ J5p182nHknl0hOtxA0AukjCZFVoBkEad8nTb-jFLZIs:1
v0avYINSWscyaIbuQNBKUjb2RoDbbqQxaB61KtGEc6Q:1  GET http://localhost:3000/_next/static/chunks/599-bdc4c40704c289ed.js net::ERR_ABORTED 404 (Not Found)
(anonymous) @ v0avYINSWscyaIbuQNBKUjb2RoDbbqQxaB61KtGEc6Q:1
(anonymous) @ v0avYINSWscyaIbuQNBKUjb2RoDbbqQxaB61KtGEc6Q:1
t @ v0avYINSWscyaIbuQNBKUjb2RoDbbqQxaB61KtGEc6Q:1
(anonymous) @ v0avYINSWscyaIbuQNBKUjb2RoDbbqQxaB61KtGEc6Q:1
Promise.then
(anonymous) @ v0avYINSWscyaIbuQNBKUjb2RoDbbqQxaB61KtGEc6Q:1
i @ v0avYINSWscyaIbuQNBKUjb2RoDbbqQxaB61KtGEc6Q:1
loadRoute @ v0avYINSWscyaIbuQNBKUjb2RoDbbqQxaB61KtGEc6Q:1
value @ v0avYINSWscyaIbuQNBKUjb2RoDbbqQxaB61KtGEc6Q:1
(anonymous) @ v0avYINSWscyaIbuQNBKUjb2RoDbbqQxaB61KtGEc6Q:1
s @ v0avYINSWscyaIbuQNBKUjb2RoDbbqQxaB61KtGEc6Q:1
(anonymous) @ v0avYINSWscyaIbuQNBKUjb2RoDbbqQxaB61KtGEc6Q:1
P.forEach.e.<computed> @ v0avYINSWscyaIbuQNBKUjb2RoDbbqQxaB61KtGEc6Q:1
i @ v0avYINSWscyaIbuQNBKUjb2RoDbbqQxaB61KtGEc6Q:1
u @ v0avYINSWscyaIbuQNBKUjb2RoDbbqQxaB61KtGEc6Q:1
Promise.then
i @ v0avYINSWscyaIbuQNBKUjb2RoDbbqQxaB61KtGEc6Q:1
u @ v0avYINSWscyaIbuQNBKUjb2RoDbbqQxaB61KtGEc6Q:1
Promise.then
i @ v0avYINSWscyaIbuQNBKUjb2RoDbbqQxaB61KtGEc6Q:1
u @ v0avYINSWscyaIbuQNBKUjb2RoDbbqQxaB61KtGEc6Q:1
(anonymous) @ v0avYINSWscyaIbuQNBKUjb2RoDbbqQxaB61KtGEc6Q:1
(anonymous) @ v0avYINSWscyaIbuQNBKUjb2RoDbbqQxaB61KtGEc6Q:1
value @ v0avYINSWscyaIbuQNBKUjb2RoDbbqQxaB61KtGEc6Q:1
m.forEach.r.<computed> @ v0avYINSWscyaIbuQNBKUjb2RoDbbqQxaB61KtGEc6Q:1
l @ hkZYZfy4LkKMBXSv0u0i-5JqKSq2tPVWYAHcDoZusmA:1
onMouseEnter @ hkZYZfy4LkKMBXSv0u0i-5JqKSq2tPVWYAHcDoZusmA:1
$e @ J5p182nHknl0hOtxA0AukjCZFVoBkEad8nTb-jFLZIs:1
Ye @ J5p182nHknl0hOtxA0AukjCZFVoBkEad8nTb-jFLZIs:1
(anonymous) @ J5p182nHknl0hOtxA0AukjCZFVoBkEad8nTb-jFLZIs:1
xr @ J5p182nHknl0hOtxA0AukjCZFVoBkEad8nTb-jFLZIs:1
Cr @ J5p182nHknl0hOtxA0AukjCZFVoBkEad8nTb-jFLZIs:1
(anonymous) @ J5p182nHknl0hOtxA0AukjCZFVoBkEad8nTb-jFLZIs:1
Ie @ J5p182nHknl0hOtxA0AukjCZFVoBkEad8nTb-jFLZIs:1
(anonymous) @ J5p182nHknl0hOtxA0AukjCZFVoBkEad8nTb-jFLZIs:1
Or @ J5p182nHknl0hOtxA0AukjCZFVoBkEad8nTb-jFLZIs:1
Jt @ J5p182nHknl0hOtxA0AukjCZFVoBkEad8nTb-jFLZIs:1
Zt @ J5p182nHknl0hOtxA0AukjCZFVoBkEad8nTb-jFLZIs:1
t.unstable_runWithPriority @ J5p182nHknl0hOtxA0AukjCZFVoBkEad8nTb-jFLZIs:1
Gt @ J5p182nHknl0hOtxA0AukjCZFVoBkEad8nTb-jFLZIs:1
v0avYINSWscyaIbuQNBKUjb2RoDbbqQxaB61KtGEc6Q:1  GET http://localhost:3000/_next/static/chunks/582-850bacd008afb956.js net::ERR_ABORTED 404 (Not Found)
(anonymous) @ v0avYINSWscyaIbuQNBKUjb2RoDbbqQxaB61KtGEc6Q:1
(anonymous) @ v0avYINSWscyaIbuQNBKUjb2RoDbbqQxaB61KtGEc6Q:1
t @ v0avYINSWscyaIbuQNBKUjb2RoDbbqQxaB61KtGEc6Q:1
(anonymous) @ v0avYINSWscyaIbuQNBKUjb2RoDbbqQxaB61KtGEc6Q:1
Promise.then
(anonymous) @ v0avYINSWscyaIbuQNBKUjb2RoDbbqQxaB61KtGEc6Q:1
i @ v0avYINSWscyaIbuQNBKUjb2RoDbbqQxaB61KtGEc6Q:1
loadRoute @ v0avYINSWscyaIbuQNBKUjb2RoDbbqQxaB61KtGEc6Q:1
value @ v0avYINSWscyaIbuQNBKUjb2RoDbbqQxaB61KtGEc6Q:1
(anonymous) @ v0avYINSWscyaIbuQNBKUjb2RoDbbqQxaB61KtGEc6Q:1
s @ v0avYINSWscyaIbuQNBKUjb2RoDbbqQxaB61KtGEc6Q:1
(anonymous) @ v0avYINSWscyaIbuQNBKUjb2RoDbbqQxaB61KtGEc6Q:1
P.forEach.e.<computed> @ v0avYINSWscyaIbuQNBKUjb2RoDbbqQxaB61KtGEc6Q:1
i @ v0avYINSWscyaIbuQNBKUjb2RoDbbqQxaB61KtGEc6Q:1
u @ v0avYINSWscyaIbuQNBKUjb2RoDbbqQxaB61KtGEc6Q:1
Promise.then
i @ v0avYINSWscyaIbuQNBKUjb2RoDbbqQxaB61KtGEc6Q:1
u @ v0avYINSWscyaIbuQNBKUjb2RoDbbqQxaB61KtGEc6Q:1
Promise.then
i @ v0avYINSWscyaIbuQNBKUjb2RoDbbqQxaB61KtGEc6Q:1
u @ v0avYINSWscyaIbuQNBKUjb2RoDbbqQxaB61KtGEc6Q:1
(anonymous) @ v0avYINSWscyaIbuQNBKUjb2RoDbbqQxaB61KtGEc6Q:1
(anonymous) @ v0avYINSWscyaIbuQNBKUjb2RoDbbqQxaB61KtGEc6Q:1
value @ v0avYINSWscyaIbuQNBKUjb2RoDbbqQxaB61KtGEc6Q:1
m.forEach.r.<computed> @ v0avYINSWscyaIbuQNBKUjb2RoDbbqQxaB61KtGEc6Q:1
l @ hkZYZfy4LkKMBXSv0u0i-5JqKSq2tPVWYAHcDoZusmA:1
onMouseEnter @ hkZYZfy4LkKMBXSv0u0i-5JqKSq2tPVWYAHcDoZusmA:1
$e @ J5p182nHknl0hOtxA0AukjCZFVoBkEad8nTb-jFLZIs:1
Ye @ J5p182nHknl0hOtxA0AukjCZFVoBkEad8nTb-jFLZIs:1
(anonymous) @ J5p182nHknl0hOtxA0AukjCZFVoBkEad8nTb-jFLZIs:1
xr @ J5p182nHknl0hOtxA0AukjCZFVoBkEad8nTb-jFLZIs:1
Cr @ J5p182nHknl0hOtxA0AukjCZFVoBkEad8nTb-jFLZIs:1
(anonymous) @ J5p182nHknl0hOtxA0AukjCZFVoBkEad8nTb-jFLZIs:1
Ie @ J5p182nHknl0hOtxA0AukjCZFVoBkEad8nTb-jFLZIs:1
(anonymous) @ J5p182nHknl0hOtxA0AukjCZFVoBkEad8nTb-jFLZIs:1
Or @ J5p182nHknl0hOtxA0AukjCZFVoBkEad8nTb-jFLZIs:1
Jt @ J5p182nHknl0hOtxA0AukjCZFVoBkEad8nTb-jFLZIs:1
Zt @ J5p182nHknl0hOtxA0AukjCZFVoBkEad8nTb-jFLZIs:1
t.unstable_runWithPriority @ J5p182nHknl0hOtxA0AukjCZFVoBkEad8nTb-jFLZIs:1
Gt @ J5p182nHknl0hOtxA0AukjCZFVoBkEad8nTb-jFLZIs:1
v0avYINSWscyaIbuQNBKUjb2RoDbbqQxaB61KtGEc6Q:1  GET http://localhost:3000/_next/static/chunks/pages/products/buy-sell-7ab2e85991afd13f.js net::ERR_ABORTED 404 (Not Found)
(anonymous) @ v0avYINSWscyaIbuQNBKUjb2RoDbbqQxaB61KtGEc6Q:1
(anonymous) @ v0avYINSWscyaIbuQNBKUjb2RoDbbqQxaB61KtGEc6Q:1
t @ v0avYINSWscyaIbuQNBKUjb2RoDbbqQxaB61KtGEc6Q:1
(anonymous) @ v0avYINSWscyaIbuQNBKUjb2RoDbbqQxaB61KtGEc6Q:1
Promise.then
(anonymous) @ v0avYINSWscyaIbuQNBKUjb2RoDbbqQxaB61KtGEc6Q:1
i @ v0avYINSWscyaIbuQNBKUjb2RoDbbqQxaB61KtGEc6Q:1
loadRoute @ v0avYINSWscyaIbuQNBKUjb2RoDbbqQxaB61KtGEc6Q:1
value @ v0avYINSWscyaIbuQNBKUjb2RoDbbqQxaB61KtGEc6Q:1
(anonymous) @ v0avYINSWscyaIbuQNBKUjb2RoDbbqQxaB61KtGEc6Q:1
s @ v0avYINSWscyaIbuQNBKUjb2RoDbbqQxaB61KtGEc6Q:1
(anonymous) @ v0avYINSWscyaIbuQNBKUjb2RoDbbqQxaB61KtGEc6Q:1
P.forEach.e.<computed> @ v0avYINSWscyaIbuQNBKUjb2RoDbbqQxaB61KtGEc6Q:1
i @ v0avYINSWscyaIbuQNBKUjb2RoDbbqQxaB61KtGEc6Q:1
u @ v0avYINSWscyaIbuQNBKUjb2RoDbbqQxaB61KtGEc6Q:1
Promise.then
i @ v0avYINSWscyaIbuQNBKUjb2RoDbbqQxaB61KtGEc6Q:1
u @ v0avYINSWscyaIbuQNBKUjb2RoDbbqQxaB61KtGEc6Q:1
Promise.then
i @ v0avYINSWscyaIbuQNBKUjb2RoDbbqQxaB61KtGEc6Q:1
u @ v0avYINSWscyaIbuQNBKUjb2RoDbbqQxaB61KtGEc6Q:1
(anonymous) @ v0avYINSWscyaIbuQNBKUjb2RoDbbqQxaB61KtGEc6Q:1
(anonymous) @ v0avYINSWscyaIbuQNBKUjb2RoDbbqQxaB61KtGEc6Q:1
value @ v0avYINSWscyaIbuQNBKUjb2RoDbbqQxaB61KtGEc6Q:1
m.forEach.r.<computed> @ v0avYINSWscyaIbuQNBKUjb2RoDbbqQxaB61KtGEc6Q:1
l @ hkZYZfy4LkKMBXSv0u0i-5JqKSq2tPVWYAHcDoZusmA:1
onMouseEnter @ hkZYZfy4LkKMBXSv0u0i-5JqKSq2tPVWYAHcDoZusmA:1
$e @ J5p182nHknl0hOtxA0AukjCZFVoBkEad8nTb-jFLZIs:1
Ye @ J5p182nHknl0hOtxA0AukjCZFVoBkEad8nTb-jFLZIs:1
(anonymous) @ J5p182nHknl0hOtxA0AukjCZFVoBkEad8nTb-jFLZIs:1
xr @ J5p182nHknl0hOtxA0AukjCZFVoBkEad8nTb-jFLZIs:1
Cr @ J5p182nHknl0hOtxA0AukjCZFVoBkEad8nTb-jFLZIs:1
(anonymous) @ J5p182nHknl0hOtxA0AukjCZFVoBkEad8nTb-jFLZIs:1
Ie @ J5p182nHknl0hOtxA0AukjCZFVoBkEad8nTb-jFLZIs:1
(anonymous) @ J5p182nHknl0hOtxA0AukjCZFVoBkEad8nTb-jFLZIs:1
Or @ J5p182nHknl0hOtxA0AukjCZFVoBkEad8nTb-jFLZIs:1
Jt @ J5p182nHknl0hOtxA0AukjCZFVoBkEad8nTb-jFLZIs:1
Zt @ J5p182nHknl0hOtxA0AukjCZFVoBkEad8nTb-jFLZIs:1
t.unstable_runWithPriority @ J5p182nHknl0hOtxA0AukjCZFVoBkEad8nTb-jFLZIs:1
Gt @ J5p182nHknl0hOtxA0AukjCZFVoBkEad8nTb-jFLZIs:1
v0avYINSWscyaIbuQNBKUjb2RoDbbqQxaB61KtGEc6Q:1  GET http://localhost:3000/_next/static/chunks/pages/products/membership-c2e901acc0fd4b96.js net::ERR_ABORTED 404 (Not Found)
(anonymous) @ v0avYINSWscyaIbuQNBKUjb2RoDbbqQxaB61KtGEc6Q:1
(anonymous) @ v0avYINSWscyaIbuQNBKUjb2RoDbbqQxaB61KtGEc6Q:1
t @ v0avYINSWscyaIbuQNBKUjb2RoDbbqQxaB61KtGEc6Q:1
(anonymous) @ v0avYINSWscyaIbuQNBKUjb2RoDbbqQxaB61KtGEc6Q:1
Promise.then
(anonymous) @ v0avYINSWscyaIbuQNBKUjb2RoDbbqQxaB61KtGEc6Q:1
i @ v0avYINSWscyaIbuQNBKUjb2RoDbbqQxaB61KtGEc6Q:1
loadRoute @ v0avYINSWscyaIbuQNBKUjb2RoDbbqQxaB61KtGEc6Q:1
value @ v0avYINSWscyaIbuQNBKUjb2RoDbbqQxaB61KtGEc6Q:1
(anonymous) @ v0avYINSWscyaIbuQNBKUjb2RoDbbqQxaB61KtGEc6Q:1
s @ v0avYINSWscyaIbuQNBKUjb2RoDbbqQxaB61KtGEc6Q:1
(anonymous) @ v0avYINSWscyaIbuQNBKUjb2RoDbbqQxaB61KtGEc6Q:1
P.forEach.e.<computed> @ v0avYINSWscyaIbuQNBKUjb2RoDbbqQxaB61KtGEc6Q:1
i @ v0avYINSWscyaIbuQNBKUjb2RoDbbqQxaB61KtGEc6Q:1
u @ v0avYINSWscyaIbuQNBKUjb2RoDbbqQxaB61KtGEc6Q:1
Promise.then
i @ v0avYINSWscyaIbuQNBKUjb2RoDbbqQxaB61KtGEc6Q:1
u @ v0avYINSWscyaIbuQNBKUjb2RoDbbqQxaB61KtGEc6Q:1
Promise.then
i @ v0avYINSWscyaIbuQNBKUjb2RoDbbqQxaB61KtGEc6Q:1
u @ v0avYINSWscyaIbuQNBKUjb2RoDbbqQxaB61KtGEc6Q:1
(anonymous) @ v0avYINSWscyaIbuQNBKUjb2RoDbbqQxaB61KtGEc6Q:1
(anonymous) @ v0avYINSWscyaIbuQNBKUjb2RoDbbqQxaB61KtGEc6Q:1
value @ v0avYINSWscyaIbuQNBKUjb2RoDbbqQxaB61KtGEc6Q:1
m.forEach.r.<computed> @ v0avYINSWscyaIbuQNBKUjb2RoDbbqQxaB61KtGEc6Q:1
l @ hkZYZfy4LkKMBXSv0u0i-5JqKSq2tPVWYAHcDoZusmA:1
onMouseEnter @ hkZYZfy4LkKMBXSv0u0i-5JqKSq2tPVWYAHcDoZusmA:1
$e @ J5p182nHknl0hOtxA0AukjCZFVoBkEad8nTb-jFLZIs:1
Ye @ J5p182nHknl0hOtxA0AukjCZFVoBkEad8nTb-jFLZIs:1
(anonymous) @ J5p182nHknl0hOtxA0AukjCZFVoBkEad8nTb-jFLZIs:1
xr @ J5p182nHknl0hOtxA0AukjCZFVoBkEad8nTb-jFLZIs:1
Cr @ J5p182nHknl0hOtxA0AukjCZFVoBkEad8nTb-jFLZIs:1
(anonymous) @ J5p182nHknl0hOtxA0AukjCZFVoBkEad8nTb-jFLZIs:1
Ie @ J5p182nHknl0hOtxA0AukjCZFVoBkEad8nTb-jFLZIs:1
(anonymous) @ J5p182nHknl0hOtxA0AukjCZFVoBkEad8nTb-jFLZIs:1
Or @ J5p182nHknl0hOtxA0AukjCZFVoBkEad8nTb-jFLZIs:1
Jt @ J5p182nHknl0hOtxA0AukjCZFVoBkEad8nTb-jFLZIs:1
Zt @ J5p182nHknl0hOtxA0AukjCZFVoBkEad8nTb-jFLZIs:1
t.unstable_runWithPriority @ J5p182nHknl0hOtxA0AukjCZFVoBkEad8nTb-jFLZIs:1
Gt @ J5p182nHknl0hOtxA0AukjCZFVoBkEad8nTb-jFLZIs:1
guFSBH4CniClEv5Mjw8kzGuXKvbvfKadFWynGNrJBUM:230 [Gateway Bootstrap] Cache HIT for: https://jnn-pa.googleapis.com/$rpc/google.internal.waa.v1.Wa
guFSBH4CniClEv5Mjw8kzGuXKvbvfKadFWynGNrJBUM:557  POST http://localhost:3000/go/DQX2YBA3nmSiaE4rl_vCkgGTE5FMAsb-qHOJKRMOgQo 404 (Not Found)
XMLHttpRequest.send @ guFSBH4CniClEv5Mjw8kzGuXKvbvfKadFWynGNrJBUM:557
await in XMLHttpRequest.send
WA @ 2yoi3jUBH9EryYHjXBqI5-A7tT5N1Zs5WrFCJIgdNxk:1562
il @ 2yoi3jUBH9EryYHjXBqI5-A7tT5N1Zs5WrFCJIgdNxk:1559
await in il
hl @ 2yoi3jUBH9EryYHjXBqI5-A7tT5N1Zs5WrFCJIgdNxk:573
await in hl
(anonymous) @ 2yoi3jUBH9EryYHjXBqI5-A7tT5N1Zs5WrFCJIgdNxk:591
Fk.a.xc @ 2yoi3jUBH9EryYHjXBqI5-A7tT5N1Zs5WrFCJIgdNxk:531
Dk @ 2yoi3jUBH9EryYHjXBqI5-A7tT5N1Zs5WrFCJIgdNxk:532
wk @ 2yoi3jUBH9EryYHjXBqI5-A7tT5N1Zs5WrFCJIgdNxk:528
await in wk
Ik @ 2yoi3jUBH9EryYHjXBqI5-A7tT5N1Zs5WrFCJIgdNxk:537
(anonymous) @ 2yoi3jUBH9EryYHjXBqI5-A7tT5N1Zs5WrFCJIgdNxk:1579
bB @ 2yoi3jUBH9EryYHjXBqI5-A7tT5N1Zs5WrFCJIgdNxk:1570
$A @ 2yoi3jUBH9EryYHjXBqI5-A7tT5N1Zs5WrFCJIgdNxk:1569
eB @ 2yoi3jUBH9EryYHjXBqI5-A7tT5N1Zs5WrFCJIgdNxk:1584
(anonymous) @ 2yoi3jUBH9EryYHjXBqI5-A7tT5N1Zs5WrFCJIgdNxk:1702
setTimeout
LC @ 2yoi3jUBH9EryYHjXBqI5-A7tT5N1Zs5WrFCJIgdNxk:1702
(anonymous) @ 2yoi3jUBH9EryYHjXBqI5-A7tT5N1Zs5WrFCJIgdNxk:1714
(anonymous) @ VM2965 q-kf5UPAxyM:1
v0avYINSWscyaIbuQNBKUjb2RoDbbqQxaB61KtGEc6Q:1  GET http://localhost:3000/_next/static/chunks/pages/products/earn-042382f577766bff.js net::ERR_ABORTED 404 (Not Found)
(anonymous) @ v0avYINSWscyaIbuQNBKUjb2RoDbbqQxaB61KtGEc6Q:1
(anonymous) @ v0avYINSWscyaIbuQNBKUjb2RoDbbqQxaB61KtGEc6Q:1
t @ v0avYINSWscyaIbuQNBKUjb2RoDbbqQxaB61KtGEc6Q:1
(anonymous) @ v0avYINSWscyaIbuQNBKUjb2RoDbbqQxaB61KtGEc6Q:1
Promise.then
(anonymous) @ v0avYINSWscyaIbuQNBKUjb2RoDbbqQxaB61KtGEc6Q:1
i @ v0avYINSWscyaIbuQNBKUjb2RoDbbqQxaB61KtGEc6Q:1
loadRoute @ v0avYINSWscyaIbuQNBKUjb2RoDbbqQxaB61KtGEc6Q:1
value @ v0avYINSWscyaIbuQNBKUjb2RoDbbqQxaB61KtGEc6Q:1
(anonymous) @ v0avYINSWscyaIbuQNBKUjb2RoDbbqQxaB61KtGEc6Q:1
s @ v0avYINSWscyaIbuQNBKUjb2RoDbbqQxaB61KtGEc6Q:1
(anonymous) @ v0avYINSWscyaIbuQNBKUjb2RoDbbqQxaB61KtGEc6Q:1
P.forEach.e.<computed> @ v0avYINSWscyaIbuQNBKUjb2RoDbbqQxaB61KtGEc6Q:1
i @ v0avYINSWscyaIbuQNBKUjb2RoDbbqQxaB61KtGEc6Q:1
u @ v0avYINSWscyaIbuQNBKUjb2RoDbbqQxaB61KtGEc6Q:1
Promise.then
i @ v0avYINSWscyaIbuQNBKUjb2RoDbbqQxaB61KtGEc6Q:1
u @ v0avYINSWscyaIbuQNBKUjb2RoDbbqQxaB61KtGEc6Q:1
Promise.then
i @ v0avYINSWscyaIbuQNBKUjb2RoDbbqQxaB61KtGEc6Q:1
u @ v0avYINSWscyaIbuQNBKUjb2RoDbbqQxaB61KtGEc6Q:1
(anonymous) @ v0avYINSWscyaIbuQNBKUjb2RoDbbqQxaB61KtGEc6Q:1
(anonymous) @ v0avYINSWscyaIbuQNBKUjb2RoDbbqQxaB61KtGEc6Q:1
value @ v0avYINSWscyaIbuQNBKUjb2RoDbbqQxaB61KtGEc6Q:1
m.forEach.r.<computed> @ v0avYINSWscyaIbuQNBKUjb2RoDbbqQxaB61KtGEc6Q:1
l @ hkZYZfy4LkKMBXSv0u0i-5JqKSq2tPVWYAHcDoZusmA:1
onMouseEnter @ hkZYZfy4LkKMBXSv0u0i-5JqKSq2tPVWYAHcDoZusmA:1
$e @ J5p182nHknl0hOtxA0AukjCZFVoBkEad8nTb-jFLZIs:1
Ye @ J5p182nHknl0hOtxA0AukjCZFVoBkEad8nTb-jFLZIs:1
(anonymous) @ J5p182nHknl0hOtxA0AukjCZFVoBkEad8nTb-jFLZIs:1
xr @ J5p182nHknl0hOtxA0AukjCZFVoBkEad8nTb-jFLZIs:1
Cr @ J5p182nHknl0hOtxA0AukjCZFVoBkEad8nTb-jFLZIs:1
(anonymous) @ J5p182nHknl0hOtxA0AukjCZFVoBkEad8nTb-jFLZIs:1
Ie @ J5p182nHknl0hOtxA0AukjCZFVoBkEad8nTb-jFLZIs:1
(anonymous) @ J5p182nHknl0hOtxA0AukjCZFVoBkEad8nTb-jFLZIs:1
Or @ J5p182nHknl0hOtxA0AukjCZFVoBkEad8nTb-jFLZIs:1
Jt @ J5p182nHknl0hOtxA0AukjCZFVoBkEad8nTb-jFLZIs:1
Zt @ J5p182nHknl0hOtxA0AukjCZFVoBkEad8nTb-jFLZIs:1
t.unstable_runWithPriority @ J5p182nHknl0hOtxA0AukjCZFVoBkEad8nTb-jFLZIs:1
Gt @ J5p182nHknl0hOtxA0AukjCZFVoBkEad8nTb-jFLZIs:1
